size = 512, STATIC
0.282347
0.334512
0.334625
0.334461
0.334508
0.334550
0.334560
0.334659
0.334528
0.334457

size = 1024, STATIC
1.206400
1.205709
1.207070
1.207210
1.206897
1.207097
1.206553
1.206971
1.207023
1.206822

size = 2048, STATIC
4.952411
4.844653
4.952854
4.952186
4.951821
4.952421
4.952485
4.951414
4.952410
4.950648

size = 4096, STATIC
19.037285
19.030718
16.261549
19.034771
19.032932
19.034403
19.034590
19.033991
19.034082
20.135262

size = 8192, STATIC
76.755814
79.911751
76.786285
79.930397
79.929504
76.780365
74.039139
79.919434
76.762314
68.621918

size = 512, DYNAMIC
0.204200
0.201358
0.201979
0.201131
0.202565
0.200793
0.202849
0.203905
0.201583
0.202432

size = 1024, DYNAMIC
0.800648
0.804742
0.802190
0.801483
0.806271
0.803068
0.805076
0.805620
0.796041
0.808303

size = 2048, DYNAMIC
3.208904
3.215251
3.209013
3.213069
3.217944
3.214966
3.213626
3.212460
3.212855
3.177010

size = 4096, DYNAMIC
12.813249
12.806787
12.809576
12.745102
12.812668
12.826950
12.816768
12.806200
12.809629
12.810834

size = 8192, DYNAMIC
51.204514
51.213066
51.222141
51.066296
51.190884
51.191811
51.210529
50.729156
50.679729
50.935310

size = 512, GUIDED
0.232716
0.234925
0.234721
0.207478
0.234602
0.234539
0.209267
0.207507
0.210460
0.207539

size = 1024, GUIDED
0.803262
0.803253
0.803527
0.801121
0.801030
0.838187
0.803508
0.844000
0.843636
0.841817

size = 2048, GUIDED
5.277462
3.209352
3.477432
3.225865
3.485828
3.208184
3.483877
3.200801
3.225805
3.750080

size = 4096, GUIDED
15.654817
15.654676
15.664762
15.358889
15.641748
13.344824
13.336703
15.440381
12.828259
13.465578

size = 8192, GUIDED
53.635098
53.617386
53.624889
51.728176
53.630371
51.772842
53.630657
51.662334
51.664455
61.174618

size = 512, RC
0.338161
0.219172
0.219178
0.334326
0.205127
0.219274
0.219313
0.219335
0.205128
0.219120

size = 1024, RC
0.897966
0.898064
0.820966
0.821037
0.821313
0.818544
0.897903
0.897951
0.820676
0.821046

size = 2048, RC
3.477767
3.477587
3.425614
3.477238
3.681861
3.487687
3.486504
3.486839
3.486989
3.486300

size = 4096, RC
13.401529
13.585124
13.773635
13.765335
13.403651
13.403031
13.611737
19.916313
19.019417
13.405674

size = 8192, RC
52.322815
52.314472
52.315590
52.306324
83.499504
70.668198
55.415741
52.315502
60.755341
55.417149
