size = 512, STATIC
0.433965
0.432798
0.432854
0.432696
0.432829
0.432795
0.432756
0.432891
0.432758
0.432840

size = 1024, STATIC
1.713372
1.706943
1.709247
1.709458
1.679817
1.710763
1.709859
1.704595
1.710102
1.710426

size = 2048, STATIC
6.939166
6.948237
6.954643
6.945225
6.955403
6.947896
6.940855
6.945786
6.952287
6.943593

size = 4096, STATIC
27.129625
27.104057
27.126194
27.160412
27.116234
27.109524
26.980844
27.159246
27.170710
26.940680

size = 512, DYNAMIC
0.413113
0.419174
0.418903
0.419173
0.418699
0.418696
0.418742
0.418768
0.418751
0.419069

size = 1024, DYNAMIC
1.669221
1.645326
1.669064
1.669686
1.669896
1.668969
1.669354
1.669385
1.669301
1.669296

size = 2048, DYNAMIC
6.678786
6.675592
6.676315
6.679651
6.678506
6.676961
6.678097
6.577321
6.670857
6.678205

size = 4096, DYNAMIC
26.672678
26.668856
26.673468
26.275389
26.674191
26.673582
26.670898
26.670263
26.684216
26.677340

size = 512, GUIDED
0.419196
0.418806
0.419651
0.419341
0.419361
0.417273
0.419556
0.418772
0.419320
0.419845

size = 1024, GUIDED
1.711077
1.710554
1.710655
1.661158
1.669103
1.659701
1.668225
1.660922
1.668705
1.711182

size = 2048, GUIDED
6.956826
6.960018
6.957217
6.752205
6.751290
6.753317
6.751928
6.753209
6.955182
6.751057

size = 4096, GUIDED
27.176657
27.178394
26.377243
27.165579
26.375446
26.375164
26.696274
27.179281
27.175470
27.179565

size = 512, RC
0.432497
0.432760
0.432501
0.432603
0.432690
0.432629
0.432627
0.432630
0.432769
0.432645

size = 1024, RC
1.711007
1.710714
1.711730
1.710457
1.711187
1.711487
1.710620
1.711645
1.711495
1.711176

size = 2048, RC
6.955276
6.955024
6.954498
6.957215
6.957196
6.958276
6.958923
6.955697
6.959527
6.956762

size = 4096, RC
27.175570
27.167234
27.172935
27.174038
27.163319
27.177546
27.039953
27.172310
27.157747
27.167450
