size = 512, STATIC
0.848228
0.826881
0.848803
0.848506
0.848252
0.848262
0.848540
0.848348
0.846263
0.826990

size = 1024, STATIC
3.383558
3.385393
3.298086
3.386201
3.386437
3.385541
3.295793
3.296738
3.385923
3.346999

size = 2048, STATIC
13.531995
13.551116
13.531396
13.511180
13.158343
13.166754
13.533575
13.537740
13.524673
13.536078

size = 4096, STATIC
54.095764
54.091816
54.109760
54.104992
52.646690
54.078476
54.108608
54.119991
54.137337
54.130112

size = 512, DYNAMIC
0.849177
0.849221
0.848769
0.848576
0.849043
0.848952
0.849055
0.849275
0.849067
0.848817

size = 1024, DYNAMIC
3.290498
3.390459
3.390480
3.390082
3.389455
3.390518
3.390363
3.290905
3.290950
3.390852

size = 2048, DYNAMIC
13.549341
13.550789
13.551296
13.547436
13.552455
13.553304
13.550000
13.153492
13.549375
13.548471

size = 4096, DYNAMIC
54.180546
54.180241
54.171143
54.177444
54.172798
54.159554
54.171360
52.584755
54.169338
54.174698

size = 512, GUIDED
0.824315
0.848895
0.849035
0.849186
0.849183
0.848919
0.849125
0.849132
0.849249
0.849359

size = 1024, GUIDED
3.390164
3.389497
3.388555
3.290037
3.289444
3.388687
3.390818
3.389127
3.291116
3.390384

size = 2048, GUIDED
13.549605
13.545324
13.549851
13.543558
13.540934
13.549816
13.548316
13.542287
13.155988
13.573596

size = 4096, GUIDED
54.197754
54.215363
52.638222
54.208035
52.623444
54.186157
54.208775
54.166466
54.214413
54.213066

size = 512, RC
0.849599
0.849692
0.848763
0.848766
0.849588
0.849528
0.849389
0.825349
0.849498
0.849593

size = 1024, RC
3.384433
3.389260
3.380008
3.391485
3.391785
3.294402
3.392031
3.290924
3.391508
3.295048

size = 2048, RC
13.554197
13.550029
13.556028
13.163852
13.545518
13.548505
13.157683
13.553546
13.155898
13.550782

size = 4096, RC
54.200054
54.180523
54.164135
54.176228
54.170628
54.169147
54.229214
54.193260
54.145168
54.187881
