size = 512, STATIC
0.235369
0.235311
0.235309
0.235362
0.235311
0.235293
0.235336
0.235416
0.235383
0.235324

size = 1024, STATIC
0.870898
0.869350
0.871123
0.870339
0.871013
0.871010
0.871140
0.871167
0.871362
0.870966

size = 2048, STATIC
3.592250
3.592163
3.590890
3.591200
3.590176
3.591457
3.591564
3.592350
3.591943
3.590126

size = 4096, STATIC
14.142648
14.148909
14.149601
14.149996
14.142422
14.149382
14.145790
14.146445
14.143290
14.141727

size = 512, DYNAMIC
0.278721
0.209169
0.209755
0.209866
0.209044
0.209280
0.209267
0.209257
0.209193
0.209902

size = 1024, DYNAMIC
0.833893
0.834079
0.834164
0.833661
0.828124
0.833606
0.833608
0.833928
0.833839
0.833741

size = 2048, DYNAMIC
3.324494
3.325300
3.324528
3.325074
3.302864
3.324617
3.325406
3.301482
3.324829
3.325287

size = 4096, DYNAMIC
13.242549
13.245260
13.245984
13.243603
13.242550
13.239181
13.243266
17.687168
13.250834
13.233355

size = 512, GUIDED
0.209537
0.209959
0.209640
0.209522
0.209676
0.210531
0.209907
0.209562
0.210476
0.209570

size = 1024, GUIDED
0.845292
0.845097
0.870904
0.870774
0.871267
1.098270
0.844820
0.846694
0.870621
0.871674

size = 2048, GUIDED
3.317180
3.294555
3.364557
3.366693
3.367910
3.317845
3.292772
3.319636
3.364562
3.367699

size = 4096, GUIDED
13.269956
13.266349
13.272201
13.147660
13.268723
13.261337
13.269908
13.270047
13.257164
13.277315

size = 512, RC
0.338167
0.235160
0.235239
0.235277
0.235112
0.235081
0.235227
0.235257
0.235100
0.234982

size = 1024, RC
0.870933
0.870681
0.871166
0.871223
0.871470
0.849232
0.870499
0.870994
0.871324
0.870665

size = 2048, RC
3.589705
3.590221
3.589335
3.590044
3.591811
3.590641
3.590708
3.590116
3.590279
3.590927

size = 4096, RC
14.145831
14.142792
14.147246
14.144194
14.145903
14.143991
14.141670
14.142667
14.141526
14.142144
