size = 512, STATIC
0.612459
0.611924
0.612606
0.609325
0.611921
0.612674
0.612903
0.594591
0.613164
0.612796

size = 1024, STATIC
2.451874
2.446811
2.445375
2.443490
2.451050
2.444399
2.368101
2.445568
2.451885
2.447490

size = 2048, STATIC
9.757860
9.788809
9.788656
9.789126
9.783314
9.788729
9.790804
9.757688
9.775059
9.776602

size = 4096, STATIC
39.135616
38.077000
39.174866
38.085758
38.076832
39.135010
39.166328
39.161518
39.180664
39.154358

size = 8192, STATIC
156.651489
156.678345
156.627197
156.646515
156.739395
156.638596
156.649551
156.585754
152.295486
156.630203

size = 512, DYNAMIC
0.615741
0.612848
0.612734
0.612721
0.612624
0.612801
0.612953
0.612843
0.612793
0.612782

size = 1024, DYNAMIC
2.445080
2.450750
2.377018
2.377177
2.375776
2.449386
2.445599
2.445215
2.448886
2.442813

size = 2048, DYNAMIC
9.789069
9.502464
9.792726
9.787489
9.792828
9.792212
9.797650
9.794594
9.798343
9.790981

size = 4096, DYNAMIC
39.163876
39.164928
39.172073
39.132202
39.130116
39.188797
39.160961
39.167133
39.117451
39.172279

size = 8192, DYNAMIC
156.648010
156.623688
156.686905
152.063141
156.555298
156.619736
156.667191
156.644257
156.601578
156.683014

size = 512, GUIDED
0.612669
0.609095
0.613053
0.615377
0.611867
0.612651
0.594368
0.611758
0.610681
0.593215

size = 1024, GUIDED
2.446177
2.448162
2.451091
2.448946
2.461344
2.375361
2.450398
2.436923
2.445610
2.447142

size = 2048, GUIDED
9.791481
9.508404
9.801203
9.794573
9.797898
9.795257
9.792956
9.795942
9.791426
9.770996

size = 4096, GUIDED
39.147530
39.179184
39.191948
39.160603
39.175415
39.163864
39.182652
39.167461
38.010738
39.160725

size = 8192, GUIDED
156.643921
156.651001
156.621933
156.687958
156.696808
156.713425
156.690552
156.744629
156.765594
156.638962

size = 512, RC
0.434105
0.433635
0.433732
0.419659
0.420651
0.420657
0.433220
0.433135
0.433028
0.432851

size = 1024, RC
1.711781
1.677899
1.713851
1.709877
1.710665
1.709225
1.678316
1.713863
1.677231
1.709256

size = 2048, RC
6.960163
6.960455
6.958885
6.947925
6.956757
6.964949
6.953022
6.944769
6.954765
6.961347

size = 4096, RC
27.161121
27.163183
27.158604
27.164766
27.171766
27.140776
27.158588
27.170231
27.127857
27.190693

size = 8192, RC
111.464867
111.464401
111.598106
111.515961
111.533112
111.398193
111.563110
111.576004
111.535309
111.560234
