 
size = 4
DDYNAMIC
0.000332
0.003942
0.004142
0.000309
0.003896
DSTATIC
0.000313
0.003860
0.000275
0.000331
0.003574
DGUIDED
0.004048
0.000333
0.000325
0.000327
0.000350
 
size = 16
DDYNAMIC
0.000533
0.000559
0.000531
0.000544
0.000529
DSTATIC
0.003426
0.003081
0.000787
0.003406
0.003274
DGUIDED
0.003585
0.003227
0.003241
0.003221
0.003599
 
size = 32
DDYNAMIC
0.004051
0.001103
0.001109
0.001117
0.001103
DSTATIC
0.002179
0.002196
0.002189
0.002147
0.002162
DGUIDED
0.002178
0.002184
0.002140
0.002201
0.002185
 
size = 64
DDYNAMIC
DSTATIC
0.006973
0.006983
0.006943
0.006965
0.006964
DGUIDED
0.006992
0.008827
0.008759
0.007021
0.007018
 
size = 128
DDYNAMIC
0.021231
0.021188
0.021411
0.029921
0.021118
DSTATIC
0.035389
0.033489
0.033470
0.033419
0.033488
DGUIDED
0.026056
0.027818
0.031003
0.026040
0.026030
 
size = 256
DDYNAMIC
0.053701
0.053739
0.075040
0.073978
0.075590
DSTATIC
0.157134
0.146193
0.137021
0.138671
0.136212
DGUIDED
0.105127
0.105040
0.103292
0.103429
0.103302
 
size = 512
DDYNAMIC
0.213533
0.213548
0.213530
0.213648
0.213607
DSTATIC
0.537824
0.538304
0.542052
0.540232
0.546909
DGUIDED
0.412858
0.412879
0.450360
0.412895
0.450482
 
size = 1024
DDYNAMIC
1.136999
1.138827
1.138916
1.137891
1.138676
DSTATIC
2.154146
2.168687
2.179336
2.159556
2.151410
DGUIDED
1.644421
1.643507
1.791453
1.643145
1.791106
 
size = 2048
DDYNAMIC
4.543551
4.544607
4.543859
4.541176
4.541834
DSTATIC
8.615140
8.712799
8.624567
8.616604
8.713252
DGUIDED
6.562548
7.142760
7.143286
6.562089
6.560788
 
size = 4096
DDYNAMIC
13.618791
13.619641
18.294436
18.157505
18.155519
DSTATIC
34.665051
34.577789
34.498280
34.535355
34.482590
DGUIDED
26.251905
26.231026
26.246386
26.255455
26.241262
