 
size = 4
DDYNAMIC
0.002974
0.001778
0.001953
0.001818
0.001731
DSTATIC
0.001724
0.001849
0.001973
0.001909
0.003091
DGUIDED
0.001931
0.001798
0.001907
0.001815
0.001877
 
size = 16
DDYNAMIC
0.002018
0.002131
0.001986
0.001900
0.002074
DSTATIC
0.002735
0.002255
0.002138
0.002175
0.002117
DGUIDED
0.002189
0.002215
0.003338
0.002161
0.002135
 
size = 32
DDYNAMIC
0.002698
0.003814
0.002662
0.002687
0.002656
DSTATIC
0.003797
0.003932
0.003642
0.002996
0.002918
DGUIDED
0.002690
0.002679
0.002717
0.002575
0.002715
 
size = 64
DDYNAMIC
0.005269
0.006189
0.005294
0.006292
0.005226
DSTATIC
0.006905
0.005429
0.005522
0.006652
0.006169
DGUIDED
0.005225
0.005241
0.005227
0.005217
0.006339
 
size = 128
DDYNAMIC
0.016480
0.016679
0.015642
0.015590
0.015687
DSTATIC
0.016449
0.016598
0.017625
0.015798
0.016244
DGUIDED
0.015930
0.015897
0.016939
0.015680
0.016381
 
size = 256
DDYNAMIC
0.056648
0.056344
0.055718
0.055946
0.055450
DSTATIC
0.056039
0.065502
0.058834
0.058579
0.056470
DGUIDED
0.057024
0.057461
0.056742
0.056301
0.055598
 
size = 512
DDYNAMIC
0.216969
0.217291
0.217715
0.216564
0.215955
DSTATIC
0.222737
0.223521
0.219616
0.221565
0.219764
DGUIDED
0.219999
0.222339
0.219554
0.219587
0.216917
 
size = 1024
DDYNAMIC
0.855604
0.855123
0.855137
0.855308
0.855288
DSTATIC
0.882344
0.873955
0.881510
0.878948
0.856099
DGUIDED
0.874330
0.863790
0.860700
0.867652
0.858272
 
size = 2048
DDYNAMIC
3.410835
3.408695
3.409688
3.410859
3.408660
DSTATIC
3.506323
3.464270
3.493731
3.464632
3.455309
DGUIDED
3.450265
3.464619
3.440889
3.453737
3.468951
 
size = 4096
DDYNAMIC
13.622093
13.622016
13.625004
13.625635
13.623182
DSTATIC
13.870489
13.957559
13.800103
13.938668
13.907058
DGUIDED
13.691626
13.709498
13.696153
13.638535
13.748963
