 
size = 4
DDYNAMIC
0.000289
0.000290
0.000268
0.000260
0.000279
DSTATIC
0.000235
0.000221
0.000221
0.000222
0.000224
DGUIDED
0.000237
0.000227
0.000237
0.000233
0.000232
 
size = 16
DDYNAMIC
0.000636
0.000637
0.000638
0.000637
0.000650
DSTATIC
0.000738
0.000740
0.000747
0.000724
0.000732
DGUIDED
0.000744
0.000730
0.000729
0.000731
0.000729
 
size = 32
DDYNAMIC
0.001975
0.002016
0.001976
0.001965
0.001970
DSTATIC
0.002567
0.002569
0.002587
0.002562
0.002572
DGUIDED
0.002579
0.002578
0.002581
0.002588
0.002582
 
size = 64
DDYNAMIC
0.007009
0.007039
0.007080
0.007016
0.007025
DSTATIC
0.009800
0.009804
0.009809
0.009819
0.009800
DGUIDED
0.009811
0.009789
0.009836
0.009858
0.009812
 
size = 128
DDYNAMIC
0.027018
0.027020
0.027031
0.027043
0.027025
DSTATIC
0.038644
0.038655
0.038708
0.038723
0.038619
DGUIDED
0.038694
0.038643
0.038436
0.038686
0.038427
 
size = 256
DDYNAMIC
0.107145
0.107117
0.106820
0.106790
0.107147
DSTATIC
0.153977
0.157426
0.154330
0.153797
0.153725
DGUIDED
0.153927
0.154386
0.154261
0.154241
0.154192
 
size = 512
DDYNAMIC
0.427151
0.427175
0.427148
0.426155
0.426139
DSTATIC
0.616202
0.617085
0.617041
0.617247
0.617066
DGUIDED
0.613897
0.617238
0.617181
0.617205
0.616940
 
size = 1024
DDYNAMIC
1.703359
1.705969
1.704669
1.699592
1.704775
DSTATIC
2.465244
2.465633
2.461284
2.464781
2.465752
DGUIDED
2.453032
2.466438
2.465710
2.466444
2.464768
 
size = 2048
DDYNAMIC
6.815205
6.813066
6.809439
6.815013
6.812491
DSTATIC
9.849231
9.863220
9.863988
9.864742
9.860722
DGUIDED
9.812417
9.942335
9.866129
9.867841
9.863635
 
size = 4096
DDYNAMIC
27.231079
27.212189
27.166880
27.236700
27.239140
DSTATIC
39.489052
39.521973
39.515945
39.499905
39.484188
DGUIDED
39.397003
39.476612
39.423382
39.452305
39.436668
