 
size = 4
DDYNAMIC
0.001856
0.002957
0.001850
0.002865
0.001921
DSTATIC
0.001872
0.001816
0.002020
0.001928
0.001880
DGUIDED
0.001690
0.001814
0.001693
0.001714
0.001770
 
size = 16
DDYNAMIC
0.001976
0.002031
0.001786
0.001943
0.002002
DSTATIC
0.002023
0.002252
0.002153
0.002084
0.003180
DGUIDED
0.002135
0.003320
0.002217
0.002047
0.002216
 
size = 32
DDYNAMIC
0.002698
0.002612
0.002664
0.002607
0.002638
DSTATIC
0.002897
0.003476
0.002866
0.002964
0.002901
DGUIDED
0.003859
0.002687
0.002681
0.002586
0.002611
 
size = 64
DDYNAMIC
0.005208
0.005198
0.005129
0.005155
0.005147
DSTATIC
0.006235
0.006144
0.006628
0.005529
0.005369
DGUIDED
0.005209
0.005140
0.005123
0.005158
0.005082
 
size = 128
DDYNAMIC
0.015499
0.015564
0.015507
0.015552
0.015561
DSTATIC
0.019625
0.018002
0.016761
0.015339
0.017206
DGUIDED
0.015711
0.016327
0.015806
0.015826
0.015823
 
size = 256
DDYNAMIC
0.055737
0.055322
0.056024
0.055810
0.056765
DSTATIC
0.057552
0.058067
0.056622
0.056919
0.055479
DGUIDED
0.055638
0.057111
0.056247
0.055512
0.057544
 
size = 512
DDYNAMIC
0.216196
0.217838
0.215892
0.216787
0.217250
DSTATIC
0.222640
0.222540
0.226933
0.223179
0.221076
DGUIDED
0.217084
0.218499
0.219901
0.220045
0.220042
 
size = 1024
DDYNAMIC
0.854314
0.854451
0.854966
0.854361
0.853630
DSTATIC
0.876216
0.856842
0.869800
0.879526
0.867739
DGUIDED
0.863244
0.861253
0.863117
0.865373
0.863422
 
size = 2048
DDYNAMIC
3.404512
3.405638
3.405437
3.404791
3.406961
DSTATIC
3.443575
3.479297
3.497356
3.492289
3.429398
DGUIDED
3.432209
3.434991
3.433755
3.418460
3.476449
 
size = 4096
DDYNAMIC
13.609287
13.609286
13.608440
13.608787
13.608358
DSTATIC
13.873193
13.858249
13.918844
13.792789
14.159853
DGUIDED
13.705309
13.733740
13.749207
13.714567
13.687560
