 
size = 4
DDYNAMIC
0.002012
0.001961
0.001866
0.001893
0.001973
DSTATIC
0.002131
0.002083
0.002089
0.003172
0.002019
DGUIDED
0.001836
0.001865
0.001861
0.001849
0.001839
 
size = 16
DDYNAMIC
0.002327
0.002350
0.002350
0.002486
0.002351
DSTATIC
0.002594
0.002560
0.002607
0.003653
0.002714
DGUIDED
0.002658
0.002766
0.002788
0.002768
0.002714
 
size = 32
DDYNAMIC
0.003674
0.004803
0.005021
0.003583
0.003600
DSTATIC
0.004669
0.005275
0.003899
0.003936
0.005396
DGUIDED
0.003689
0.003642
0.003588
0.003596
0.003679
 
size = 64
DDYNAMIC
0.009386
0.009173
0.008977
0.009180
0.009209
DSTATIC
0.011743
0.015288
0.008912
0.009763
0.011202
DGUIDED
0.009082
0.009045
0.008738
0.008806
0.009005
 
size = 128
DDYNAMIC
0.029442
0.029030
0.028972
0.030042
0.029041
DSTATIC
0.038948
0.030109
0.028728
0.029125
0.038145
DGUIDED
0.031011
0.030107
0.028874
0.028812
0.029542
 
size = 256
DDYNAMIC
0.115910
0.109216
0.108886
0.117656
0.108990
DSTATIC
0.170276
0.109365
0.109142
0.109611
0.169356
DGUIDED
0.110325
0.126196
0.108684
0.114268
0.123063
 
size = 512
DDYNAMIC
0.428779
0.444335
0.451019
0.428825
0.431803
DSTATIC
0.441100
0.429088
0.427614
0.428919
0.430980
DGUIDED
0.431099
0.432282
0.449830
0.431020
0.430050
 
size = 1024
DDYNAMIC
1.706116
1.706850
1.727759
1.760715
1.706625
DSTATIC
1.710892
1.701968
1.728385
1.696930
1.696289
DGUIDED
1.717051
1.707649
1.707072
1.715366
1.707428
 
size = 2048
DDYNAMIC
6.810875
6.811536
6.810684
6.823120
6.813521
DSTATIC
6.836863
6.805582
6.827066
6.785574
6.783891
DGUIDED
6.818668
6.836576
6.866706
6.814559
6.844340
 
size = 4096
DDYNAMIC
27.228025
27.225651
27.223272
27.221786
27.224676
DSTATIC
27.266808
27.141809
27.183334
27.161831
27.227753
DGUIDED
27.261435
27.270292
27.248701
27.252419
27.316223
