 
size = 4
DDYNAMIC
0.001025
0.000995
0.000971
0.000938
0.000974
DSTATIC
0.000913
0.000938
0.000912
0.000917
0.000920
DGUIDED
0.000933
0.000930
0.000936
0.000930
0.000990
 
size = 16
DDYNAMIC
0.001808
0.001779
0.001795
0.001828
0.001824
DSTATIC
0.002844
0.001832
0.001746
0.001727
0.001731
DGUIDED
0.001809
0.001792
0.001763
0.001733
0.001746
 
size = 32
DDYNAMIC
0.004467
0.004426
0.004444
0.004432
0.004492
DSTATIC
0.004377
0.004461
0.004394
0.004434
0.004398
DGUIDED
0.004462
0.004417
0.004450
0.004436
0.004436
 
size = 64
DDYNAMIC
0.014580
0.014599
0.014585
0.014555
0.014591
DSTATIC
0.014448
0.014426
0.014441
0.014466
0.014467
DGUIDED
0.014610
0.014597
0.014623
0.014602
0.014612
 
size = 128
DDYNAMIC
0.054553
0.054524
0.054512
0.054522
0.054576
DSTATIC
0.054255
0.055151
0.054175
0.054171
0.054261
DGUIDED
0.054546
0.055506
0.054600
0.054563
0.054530
 
size = 256
DDYNAMIC
0.214577
0.214654
0.214644
0.215588
0.214616
DSTATIC
0.214059
0.213190
0.213191
0.214111
0.214105
DGUIDED
0.214599
0.215469
0.214511
0.214538
0.214518
 
size = 512
DDYNAMIC
0.854898
0.854457
0.854183
0.854291
0.854244
DSTATIC
0.849784
0.849470
0.849441
0.849471
0.850432
DGUIDED
0.854042
0.854088
0.854076
0.854154
0.853917
 
size = 1024
DDYNAMIC
3.407765
3.408175
3.408017
3.407605
3.407161
DSTATIC
3.397663
3.388807
3.388887
3.388396
3.387862
DGUIDED
3.406958
3.407093
3.407317
3.407064
3.407368
 
size = 2048
DDYNAMIC
13.626884
13.618044
13.617480
13.617359
13.618457
DSTATIC
13.540909
13.541347
13.578298
13.541633
13.541795
DGUIDED
13.616903
13.616986
13.615762
13.616711
13.616323
 
size = 4096
DDYNAMIC
54.430878
54.435165
54.429131
54.430168
54.439259
DSTATIC
54.130886
54.132675
54.123962
54.127426
54.170292
DGUIDED
54.434052
54.428925
54.427586
54.429886
54.428822
