 
size = 4
DDYNAMIC
0.000270
0.000251
0.000249
0.000254
0.000246
DSTATIC
0.000226
0.000240
0.000243
0.000226
0.000236
DGUIDED
0.000246
0.000259
0.000246
0.000245
0.000254
 
size = 16
DDYNAMIC
0.001107
0.001104
0.001108
0.001117
0.001101
DSTATIC
0.001083
0.001101
0.001078
0.001090
0.001117
DGUIDED
0.001100
0.001082
0.001092
0.001090
0.001104
 
size = 32
DDYNAMIC
0.003752
0.003744
0.003748
0.003747
0.003741
DSTATIC
0.003739
0.003742
0.003745
0.003724
0.003746
DGUIDED
0.003750
0.003742
0.003743
0.003749
0.003752
 
size = 64
DDYNAMIC
0.013867
0.013864
0.013866
0.013792
0.013830
DSTATIC
0.014135
0.013741
0.013841
0.013846
0.013757
DGUIDED
0.013847
0.013855
0.013839
0.013853
0.013804
 
size = 128
DDYNAMIC
0.053865
0.053855
0.053884
0.053878
0.053594
DSTATIC
0.053842
0.053810
0.053891
0.053848
0.053893
DGUIDED
0.053846
0.053863
0.053859
0.053566
0.053870
 
size = 256
DDYNAMIC
0.214029
0.214088
0.214220
0.214096
0.214049
DSTATIC
0.214297
0.214112
0.214384
0.214078
0.213971
DGUIDED
0.214102
0.213847
0.214102
0.214157
0.214157
 
size = 512
DDYNAMIC
0.854265
0.853026
0.854278
0.854498
0.854540
DSTATIC
0.854130
0.855359
0.855022
0.854199
0.852219
DGUIDED
0.854432
0.853834
0.854494
0.854636
0.854396
 
size = 1024
DDYNAMIC
3.403887
3.410657
3.393044
3.410826
3.409919
DSTATIC
3.384498
3.415021
3.409356
3.401682
3.405437
DGUIDED
3.411801
3.339527
3.392133
3.405095
3.410125
 
size = 2048
DDYNAMIC
13.550388
13.615491
13.583043
13.558213
13.633503
DSTATIC
13.631268
13.608588
13.607099
13.598769
13.524969
DGUIDED
13.637133
13.566022
13.609509
13.611943
13.593493
 
size = 4096
DDYNAMIC
54.500957
54.224865
54.321644
DSTATIC
54.407936
54.486652
54.519836
54.494812
54.375946
DGUIDED
54.409206
54.525738
54.421360
54.505257
54.105610
