 
size = 4
DDYNAMIC
Using 1 threads
5
0.000267
0.000244
0.000246
0.000245
0.000253

DSTATIC
0.000224
0.000244
0.000234
0.000242
0.000240

DGUIDED
0.000244
0.000244
0.000245
0.000245
0.000249
 
size = 16
DDYNAMIC
30
0.001100
0.001101
0.001120
0.001101
0.001099

DSTATIC
0.001092
0.001090
0.001121
0.001097
0.001094

DGUIDED
0.001098
0.001094
0.001118
0.001087
0.001107
 
size = 32
DDYNAMIC
107
0.003763
0.003741
0.003748
0.003748
0.003749

DSTATIC
0.003730
0.003741
0.003736
0.003716
0.003739

DGUIDED
0.003748
0.003747
0.003728
0.003745
0.003750
 
size = 64
DDYNAMIC
399
0.013873
0.013863
0.013788
0.013842
0.014156

DSTATIC
0.013815
0.013851
0.013856
0.013872
0.013855

DGUIDED
0.013870
0.013855
0.013865
0.013830
0.013856
 
size = 128
DDYNAMIC
1561
0.053869
0.053858
0.053876
0.053875
0.053802

DSTATIC
0.053824
0.053909
0.053438
0.053924
0.053845

DGUIDED
0.053874
0.053829
0.053876
0.053870
0.053865
 
size = 256
DDYNAMIC
6217
0.213956
0.212884
0.213683
0.214019
0.213611

DSTATIC
0.214028
0.214019
0.213625
0.213353
0.214046

DGUIDED
0.213992
0.212817
0.214081
0.213698
0.214631
 
size = 512
DDYNAMIC
24835
0.853393
0.854405
0.854633
0.854328
0.854623

DSTATIC
0.852122
0.854054
0.855523
0.852868
0.855379

DGUIDED
0.853047
0.854118
0.854263
0.854453
0.852873
 
size = 1024
DDYNAMIC
99137
3.411687
3.411354
3.411431
3.405126
3.410275

DSTATIC
3.413985
3.404497
3.410377
3.410027
3.411791

DGUIDED
3.487502
3.393729
3.404264
3.411979
3.410819
 
size = 2048
DDYNAMIC
396197
13.630906
13.570853
13.634029
13.636046
13.554483

DSTATIC
13.532050
13.631434
13.629827
13.629744
13.628772

DGUIDED
13.563760
13.561907
13.311071
13.635796
13.635351
 
size = 4096
DDYNAMIC
1584201
54.246689
54.487560
54.431545
54.431690
55.775684

DSTATIC
54.522423
54.434666
54.552269
54.559109
54.547832

DGUIDED
54.431847
54.524921
54.198002
54.228504
54.491325
