 
size = 4
DDYNAMIC
0.001206
0.001069
0.001051
0.001080
0.000991
DSTATIC
0.001074
0.001067
0.001088
0.001070
0.001067
DGUIDED
0.001014
0.001021
0.001008
0.001025
0.001025
 
size = 16
DDYNAMIC
0.001398
0.001324
0.001439
0.001417
0.001381
DSTATIC
0.001470
0.001681
0.001294
0.001723
0.001550
DGUIDED
0.001552
0.001375
0.001245
0.001275
0.001342
 
size = 32
DDYNAMIC
0.002226
0.001891
0.001919
0.003574
0.001906
DSTATIC
0.004019
0.004219
0.002942
0.004301
0.002514
DGUIDED
0.001869
0.001891
0.001879
0.002300
0.002248
 
size = 64
DDYNAMIC
0.004444
0.004444
0.004416
0.005745
0.004370
DSTATIC
0.008772
0.013481
0.007880
0.007061
0.007154
DGUIDED
0.004540
0.005603
0.005852
0.005742
0.004493
 
size = 128
DDYNAMIC
0.014625
0.019829
0.014863
0.019905
0.020103
DSTATIC
0.035253
0.022858
0.029328
0.023814
0.028554
DGUIDED
0.021226
0.016191
0.021196
0.021068
0.018223
 
size = 256
DDYNAMIC
0.059591
0.057296
0.073141
0.074583
0.057333
DSTATIC
0.072573
0.090448
0.079223
0.111823
0.082634
DGUIDED
0.062036
0.078050
0.067162
0.085444
0.063272
 
size = 512
DDYNAMIC
0.238405
0.217528
0.227123
0.221393
0.234842
DSTATIC
0.241138
0.306884
0.286402
0.343604
0.310422
DGUIDED
0.274923
0.265356
0.260051
0.250603
0.222869
 
size = 1024
DDYNAMIC
0.859350
0.863778
0.858522
0.863420
0.872368
DSTATIC
1.173441
1.359760
1.084107
1.165380
1.192377
DGUIDED
0.999230
1.074334
1.058340
0.991542
0.999280
 
size = 2048
DDYNAMIC
3.413559
3.434950
3.411322
3.412350
3.408249
DSTATIC
3.553323
3.944685
5.002811
4.667833
3.699427
DGUIDED
4.140873
4.146154
4.085657
3.943124
4.003782
 
size = 4096
DDYNAMIC
13.612625
13.621387
13.615052
13.712665
13.734591
DSTATIC
18.318497
14.397622
14.924377
15.150457
16.243958
DGUIDED
15.396388
17.005581
20.457853
18.482653
19.526529
