 
size = 4
DDYNAMIC
Using 2 threads
5
0.000316
0.000294
0.000288
0.000289
0.000288

DSTATIC
0.000277
0.000310
0.000276
0.000284
0.000291

DGUIDED
0.000288
0.000285
0.000293
0.000287
0.000293
 
size = 16
DDYNAMIC
30
0.001144
0.001142
0.001165
0.001142
0.001143

DSTATIC
0.001145
0.001131
0.001159
0.001138
0.001130

DGUIDED
0.001159
0.001115
0.001136
0.001137
0.001128
 
size = 32
DDYNAMIC
107
0.003795
0.003787
0.003797
0.003796
0.003789

DSTATIC
0.003755
0.003767
0.003754
0.003759
0.003831

DGUIDED
0.003795
0.003785
0.003788
0.003788
0.003790
 
size = 64
DDYNAMIC
399
0.013903
0.013866
0.013909
0.013895
0.013855

DSTATIC
0.013825
0.013873
0.013863
0.013874
0.013787

DGUIDED
0.013890
0.013893
0.013897
0.013849
0.013904
 
size = 128
DDYNAMIC
1561
0.053987
0.053827
0.053869
0.053828
0.053859

DSTATIC
0.053500
0.053772
0.053759
0.053778
0.053726

DGUIDED
0.053802
0.053890
0.053870
0.053686
0.053872
 
size = 256
DDYNAMIC
6217
0.213967
0.213943
0.213791
0.213951
0.213401

DSTATIC
0.213634
0.213614
0.213616
0.213253
0.213934

DGUIDED
0.214164
0.213822
0.213996
0.214064
0.214051
 
size = 512
DDYNAMIC
24835
0.853653
0.853570
0.853890
0.853742
0.853160

DSTATIC
0.851581
0.852419
0.852456
0.851660
0.852433

DGUIDED
0.853827
0.850837
0.854168
0.853087
0.853916
 
size = 1024
DDYNAMIC
99137
3.407625
3.405080
3.405768
3.409116
3.408965

DSTATIC
3.402560
3.402918
3.402531
3.396254
3.402784
DGUIDED
3.408680
 
size = 2048
DDYNAMIC
396197
13.601468
13.545285
13.625301
13.594999
13.604415

DSTATIC
13.601921
13.601624
13.601163
13.578119
13.578449

DGUIDED
13.615575
13.609996
13.625203
13.570875
13.608128
 
size = 4096
DDYNAMIC
1584201
54.275463
54.444870
54.426464
54.459312
54.457657

DSTATIC
54.405350
55.224392
54.383488
54.427467
54.101486

DGUIDED
54.262562
54.417526
54.197582
54.230469
54.161201
