 
size = 4
DDYNAMIC
0.001106
0.001044
0.001047
0.001025
0.001074
DSTATIC
0.001034
0.002188
0.001059
0.001033
0.001060
DGUIDED
0.001002
0.002030
0.002025
0.001022
0.001004
 
size = 16
DDYNAMIC
0.001401
0.001455
0.001364
0.001400
0.001374
DSTATIC
0.001584
0.001657
0.001408
0.001562
0.001581
DGUIDED
0.001555
0.002676
0.001410
0.001663
0.001752
 
size = 32
DDYNAMIC
0.002664
0.002656
0.002652
0.002676
0.002725
DSTATIC
0.004342
0.002818
0.002778
0.003352
0.002750
DGUIDED
0.002789
0.003251
0.002766
0.002756
0.002753
 
size = 64
DDYNAMIC
0.008106
0.008041
0.008015
0.007998
0.008049
DSTATIC
0.009247
0.008047
0.008163
0.008041
0.008097
DGUIDED
0.008106
0.008067
0.008102
0.008089
0.008132
 
size = 128
DDYNAMIC
0.028183
0.028359
0.028229
0.029439
0.028308
DSTATIC
0.028872
0.028444
0.028934
0.029522
0.028276
DGUIDED
0.028965
0.029115
0.028942
0.028499
0.029216
 
size = 256
DDYNAMIC
0.109066
0.108006
0.426336
0.110546
0.110663
DSTATIC
0.111088
0.107989
0.108336
0.107145
0.111909
DGUIDED
0.108161
0.110565
0.111827
0.110467
0.109562
 
size = 512
DDYNAMIC
0.429881
0.428344
0.428565
0.429194
0.428412
DSTATIC
0.429625
0.439031
0.428632
0.427159
0.440408
DGUIDED
0.429125
0.434534
0.431735
0.431201
0.434659
 
size = 1024
DDYNAMIC
1.712295
1.705838
1.707667
1.705602
1.705376
DSTATIC
1.740102
1.707903
1.710277
1.707605
1.712608
DGUIDED
1.722826
1.711377
1.711748
1.723909
1.729636
 
size = 2048
DDYNAMIC
6.811145
6.810199
6.808281
6.807917
6.815839
DSTATIC
6.846950
6.994552
7.058502
6.842647
6.840371
DGUIDED
6.908506
6.824860
6.886969
6.834758
6.870533
 
size = 4096
DDYNAMIC
27.236761
27.233662
27.236364
27.238691
27.225525
DSTATIC
27.380508
27.277790
27.969763
27.967916
27.348427
DGUIDED
27.475679
27.570839
27.290829
27.312088
27.269163
