 
size = 4
DDYNAMIC
0.001099
0.001128
0.001070
0.001071
0.001092
DSTATIC
0.001079
0.001017
0.001870
0.001031
0.001017
DGUIDED
0.001067
0.001136
0.002541
0.001293
0.001117
 
size = 16
DDYNAMIC
0.001248
0.001307
0.001203
0.001216
0.001171
DSTATIC
0.001390
0.001544
0.001515
0.001418
0.001403
DGUIDED
0.001671
0.001452
0.001632
0.002688
0.001586
 
size = 32
DDYNAMIC
0.001968
0.001982
0.001941
0.001987
0.001951
DSTATIC
0.003893
0.004101
0.003865
0.002859
0.003883
DGUIDED
0.001976
0.001975
0.001934
0.001879
0.001930
 
size = 64
DDYNAMIC
0.004395
0.007968
0.007810
0.008212
0.008096
DSTATIC
0.014540
0.005905
0.005981
0.005837
0.005914
DGUIDED
0.004472
0.004559
0.004496
0.008367
0.008153
 
size = 128
DDYNAMIC
0.019442
0.015004
0.014927
0.014915
0.014968
DSTATIC
0.018874
0.018082
0.019280
0.018594
0.019619
DGUIDED
0.016291
0.016067
0.016402
0.016501
0.014924
 
size = 256
DDYNAMIC
0.056584
0.057647
0.057470
0.058454
0.056654
DSTATIC
0.086660
0.094891
0.091145
0.085214
0.092363
DGUIDED
0.061481
0.066987
0.065479
0.071548
0.065806
 
size = 512
DDYNAMIC
0.218310
0.223738
0.220509
0.219893
0.222428
DSTATIC
0.293911
0.236260
0.340841
0.338915
0.335902
DGUIDED
0.299338
0.294135
0.272649
0.296094
0.278511
 
size = 1024
DDYNAMIC
0.861445
0.860947
0.861709
0.861503
0.865157
DSTATIC
1.372741
1.246688
1.427902
1.438213
1.481323
DGUIDED
0.985753
1.096400
1.154051
1.102920
1.147912
 
size = 2048
DDYNAMIC
3.420396
3.408887
3.413853
3.417717
3.415993
DSTATIC
4.429845
4.924666
4.908340
5.435874
5.027566
DGUIDED
4.082888
3.906889
4.289037
4.535204
4.767594
 
size = 4096
DDYNAMIC
13.617253
13.611649
13.616903
13.618521
13.615916
DSTATIC
20.006849
17.977327
17.072525
17.009317
16.941528
DGUIDED
17.352667
15.921706
13.986970
16.041885
16.686415
