 
size = 4
DDYNAMIC
0.000265
0.000252
0.000250
0.000252
0.000246
DSTATIC
0.000230
0.000246
0.000242
0.000245
0.000237
DGUIDED
0.000250
0.000250
0.000249
0.000256
0.000249
 
size = 16
DDYNAMIC
0.001108
0.001171
0.001096
0.001106
0.001110
DSTATIC
0.001082
0.001096
0.001123
0.001107
0.001097
DGUIDED
0.001102
0.001098
0.001108
0.001102
0.001086
 
size = 32
DDYNAMIC
0.003843
0.003755
0.003747
0.003815
0.003756
DSTATIC
0.003766
0.003740
0.003786
0.003734
0.003817
DGUIDED
0.003727
0.003778
0.003737
0.003716
0.003741
 
size = 64
DDYNAMIC
0.013829
0.013869
0.013870
0.013874
0.013860
DSTATIC
0.013840
0.013866
0.013840
0.013868
0.013847
DGUIDED
0.013794
0.013868
0.013826
0.013864
0.013882
 
size = 128
DDYNAMIC
0.054024
0.053646
0.053790
0.053907
0.053874
DSTATIC
0.053896
0.053924
0.053377
0.053525
0.053912
DGUIDED
0.053440
0.053918
0.053842
0.053861
0.053534
 
size = 256
DDYNAMIC
0.214159
0.214164
0.212985
0.212887
0.214260
DSTATIC
0.214397
0.214113
0.212856
0.213965
0.214272
DGUIDED
0.214160
0.214087
0.214093
0.214076
0.214238
 
size = 512
DDYNAMIC
0.850011
0.854917
0.855006
0.853671
0.853807
DSTATIC
0.854816
0.855689
0.855592
0.854916
0.847688
DGUIDED
0.854042
0.854303
0.853450
0.853439
0.854356
 
size = 1024
DDYNAMIC
3.413109
3.392203
3.411971
3.412469
3.413132
DSTATIC
3.414617
3.413297
3.408838
3.414278
3.412526
DGUIDED
3.389857
3.410824
3.410768
3.406545
3.411576
 
size = 2048
DDYNAMIC
13.615465
13.567865
13.626591
13.566980
13.647111
DSTATIC
13.634382
13.628411
13.652418
13.652717
13.652460
DGUIDED
13.635481
13.638240
13.637909
13.643793
13.627884
 
size = 4096
DDYNAMIC
54.522461
54.525803
54.443638
54.524876
54.233780
DSTATIC
54.524849
54.474285
54.540916
54.473419
54.566135
DGUIDED
54.509026
54.531937
54.444149
54.219799
54.522869
