 
size = 4
DDYNAMIC
0.000306
0.000256
0.000268
0.000256
0.000288
DSTATIC
0.000240
0.000220
0.000213
0.000228
0.000218
DGUIDED
0.000232
0.000225
0.000251
0.000233
0.000230
 
size = 16
DDYNAMIC
0.000649
0.000631
0.000648
0.000648
0.000646
DSTATIC
0.000762
0.000721
0.000747
0.000756
0.000745
DGUIDED
0.000719
0.000733
0.000742
0.000741
0.000743
 
size = 32
DDYNAMIC
0.001984
0.001994
0.001988
0.001962
0.001960
DSTATIC
0.002591
0.002591
0.002581
0.002596
0.002585
DGUIDED
0.002567
0.002569
0.002554
0.002574
0.002577
 
size = 64
DDYNAMIC
0.007031
0.007023
0.007013
0.007027
0.007022
DSTATIC
0.009851
0.009800
0.009813
0.009816
0.009792
DGUIDED
0.009819
0.009822
0.009795
0.009774
0.009816
 
size = 128
DDYNAMIC
0.027013
0.026970
0.026963
0.026994
0.027020
DSTATIC
0.038626
0.038402
0.038627
0.038421
0.038616
DGUIDED
0.038431
0.038638
0.038633
0.038604
0.038467
 
size = 256
DDYNAMIC
0.107018
0.106905
0.107015
0.107007
0.106997
DSTATIC
0.154142
0.153194
0.154160
0.154130
0.154131
DGUIDED
0.154116
0.154009
0.153208
0.154133
0.154125
 
size = 512
DDYNAMIC
0.426673
0.426763
0.426801
0.431594
0.426358
DSTATIC
0.616899
0.613218
0.616612
0.616753
0.615657
DGUIDED
0.613128
0.616546
0.612432
0.616385
0.616662
 
size = 1024
DDYNAMIC
1.701515
1.703103
1.701506
1.703006
1.702999
DSTATIC
2.464015
2.464794
2.465072
2.465057
2.450619
DGUIDED
2.463469
2.449967
2.463527
2.462991
2.463142
 
size = 2048
DDYNAMIC
6.806541
6.805968
6.802035
6.806375
6.806677
DSTATIC
9.861833
9.857753
9.862278
9.860658
9.805602
DGUIDED
9.870194
9.836812
9.905997
9.906996
9.908984
 
size = 4096
DDYNAMIC
27.209242
27.262684
27.249357
27.209089
27.373892
DSTATIC
39.233295
39.509930
39.469673
39.504330
39.491642
DGUIDED
39.452362
39.435158
39.210728
39.439922
39.361141
