 
size = 4
DDYNAMIC
0.002439
0.004629
0.002442
0.002509
0.002359
DSTATIC
0.002579
0.002517
0.002537
0.002316
0.002584
DGUIDED
0.002241
0.002443
0.002192
0.002158
0.002363
 
size = 16
DDYNAMIC
0.002323
0.003033
0.003119
0.004872
0.002591
DSTATIC
0.002651
0.002595
0.002757
0.002801
0.002679
DGUIDED
0.002677
0.002516
0.002685
0.004735
0.002670
 
size = 32
DDYNAMIC
0.003040
0.003164
0.003468
0.003198
0.003133
DSTATIC
0.005586
0.003460
0.003414
0.004487
0.003643
DGUIDED
0.003559
0.003516
0.003139
0.003129
0.005487
 
size = 64
DDYNAMIC
0.007774
0.006003
0.005866
0.005621
0.005623
DSTATIC
0.006334
0.006064
0.009129
0.006003
0.006648
DGUIDED
0.005816
0.005608
0.007994
0.006030
0.005660
 
size = 128
DDYNAMIC
0.016240
0.016348
0.016232
0.016197
0.016198
DSTATIC
0.028590
0.019100
0.016625
0.025777
0.017143
DGUIDED
0.016446
0.016444
0.016123
0.016997
0.015858
 
size = 256
DDYNAMIC
0.056271
0.057150
0.056399
0.057889
0.057019
DSTATIC
0.067367
0.060350
0.071015
0.058609
0.061044
DGUIDED
0.062874
0.056911
0.058511
0.057056
0.056480
 
size = 512
DDYNAMIC
0.218667
0.216587
0.215853
0.217829
0.223077
DSTATIC
0.226556
0.220178
0.227441
0.218055
0.220562
DGUIDED
0.216477
0.222901
0.220653
0.216504
0.222378
 
size = 1024
DDYNAMIC
0.855124
0.854231
0.856165
0.854207
0.856434
DSTATIC
0.872512
0.865266
0.866080
0.877083
0.873286
DGUIDED
0.869727
0.872893
0.858765
0.865796
0.864346
 
size = 2048
DDYNAMIC
3.406902
3.409114
3.406689
3.405919
3.405921
DSTATIC
3.468524
3.482876
3.515763
3.493932
3.471271
DGUIDED
3.468051
3.453454
3.461365
3.421619
3.457269
 
size = 4096
DDYNAMIC
13.607132
13.608685
13.608432
13.608539
13.608068
DSTATIC
13.930250
13.863017
13.883337
13.887197
14.037706
DGUIDED
13.708135
13.676470
13.682864
13.725798
13.688437
