 
size = 4
DDYNAMIC
0.000275
0.000251
0.000249
0.000244
0.000246
DSTATIC
0.000234
0.000236
0.000240
0.000248
0.000238
DGUIDED
0.000246
0.000247
0.000244
0.000245
0.000244
 
size = 16
DDYNAMIC
0.001108
0.001101
0.001099
0.001103
0.001100
DSTATIC
0.001096
0.001089
0.001090
0.001101
0.001091
DGUIDED
0.001109
0.001087
0.001090
0.001092
0.001079
 
size = 32
DDYNAMIC
0.003739
0.003742
0.003737
0.003753
0.003740
DSTATIC
0.003727
0.003907
0.003715
0.003695
0.003778
DGUIDED
0.003793
0.003722
0.003738
0.003741
0.003714
 
size = 64
DDYNAMIC
0.013783
0.013855
0.014183
0.013852
0.013847
DSTATIC
0.013756
0.013698
0.013782
0.013824
0.013832
DGUIDED
0.013873
0.013849
0.013842
0.013848
0.013863
 
size = 128
DDYNAMIC
0.053992
0.053905
0.053880
0.053525
0.053905
DSTATIC
0.053438
0.053831
0.053897
0.053844
0.053800
DGUIDED
0.053919
0.053901
0.053916
0.053622
0.053867
 
size = 256
DDYNAMIC
0.212557
0.214110
0.213463
0.214228
0.213983
DSTATIC
0.214313
0.214124
0.214190
0.214113
0.212378
DGUIDED
0.214171
0.214169
0.213803
0.214157
0.214338
 
size = 512
DDYNAMIC
0.854434
0.853092
0.854592
0.854378
0.855031
DSTATIC
0.854595
0.852583
0.848939
0.852287
0.854381
DGUIDED
0.850044
0.854831
0.853909
0.854724
0.854608
 
size = 1024
DDYNAMIC
3.410886
3.411254
3.410594
3.411483
3.410856
DSTATIC
3.384806
3.410909
3.409131
3.415178
3.409829
DGUIDED
3.392025
3.411892
3.411690
3.412140
3.410458
 
size = 2048
DDYNAMIC
13.637891
13.632277
13.633387
13.561627
13.634808
DSTATIC
13.641078
13.604057
13.633144
13.641059
13.633640
DGUIDED
13.631539
13.538640
13.635463
13.640137
13.614896
 
size = 4096
DDYNAMIC
54.519188
54.524643
54.524216
54.430107
54.374149
DSTATIC
54.521923
54.464920
54.542767
54.534435
54.437092
DGUIDED
54.514122
54.502941
54.396313
54.507362
54.513813
