 
size = 4
DDYNAMIC
0.000628
0.000563
0.000609
0.000573
0.000612
DSTATIC
0.000658
0.000612
0.000679
0.000606
0.000663
DGUIDED
0.001654
0.000599
0.000559
0.000590
0.000583
 
size = 16
DDYNAMIC
0.000768
0.000809
0.000802
0.000783
0.000814
DSTATIC
0.001251
0.001034
0.000899
0.001246
0.001262
DGUIDED
0.001241
0.001040
0.000918
0.001251
0.001034
 
size = 32
DDYNAMIC
0.001382
0.001429
0.001383
0.001410
0.001410
DSTATIC
0.002781
0.001955
0.002743
0.002466
0.001949
DGUIDED
0.001577
0.001550
0.001544
0.001524
0.001542
 
size = 64
DDYNAMIC
0.003945
0.004096
0.003946
0.003914
0.003978
DSTATIC
0.006579
0.005125
0.006415
0.006384
0.006392
DGUIDED
0.004150
0.004188
0.004161
0.005256
0.004144
 
size = 128
DDYNAMIC
0.014522
0.014671
0.014375
0.014309
0.014451
DSTATIC
0.018583
0.018012
0.020398
0.019155
0.019578
DGUIDED
0.015502
0.015493
0.018151
0.015545
0.014937
 
size = 256
DDYNAMIC
0.055353
0.055356
0.054342
0.054505
0.054660
DSTATIC
0.068072
0.071847
0.072885
0.068115
0.060477
DGUIDED
0.058596
0.055997
0.056464
0.060305
0.056314
 
size = 512
DDYNAMIC
0.214890
0.214651
0.216791
0.214400
0.214359
DSTATIC
0.289799
0.269938
0.276243
0.253316
0.284971
DGUIDED
0.225683
 
size = 1024
DDYNAMIC
0.852052
0.851936
0.851683
0.852068
0.851884
DSTATIC
1.101625
1.126996
1.077671
1.005875
1.030753
DGUIDED
0.978039
0.885728
0.916212
0.999907
0.913575
 
size = 2048
DDYNAMIC
3.403602
3.403891
3.403967
3.404207
3.403902
DSTATIC
4.308181
4.266076
4.042625
4.104980
4.312691
DGUIDED
3.632926
3.651976
3.657257
3.564429
3.641161
 
size = 4096
DDYNAMIC
13.607260
13.608764
13.607131
13.601394
13.606091
DSTATIC
16.323935
16.892344
16.692421
16.554436
16.672667
DGUIDED
14.686259
14.278727
14.727289
14.717401
14.203839
