 
size = 4
DDYNAMIC
0.000666
0.000604
0.000601
0.000602
0.000610
DSTATIC
0.000621
0.000634
0.000695
0.000663
0.000729
DGUIDED
0.000721
0.000736
0.000689
0.000666
0.000655
 
size = 16
DDYNAMIC
0.000845
0.000790
0.000835
0.000824
0.000836
DSTATIC
0.001190
0.001141
0.001339
0.001084
0.001263
DGUIDED
0.001247
0.001359
0.001261
0.001395
0.000889
 
size = 32
DDYNAMIC
0.001455
0.001427
0.001444
0.001484
0.003172
DSTATIC
0.003589
0.001801
0.002246
0.001776
0.003310
DGUIDED
0.001756
0.001625
0.001669
0.001743
0.001742
 
size = 64
DDYNAMIC
0.003960
0.003959
0.003949
0.005852
DSTATIC
0.005290
0.006619
0.007320
0.007338
0.006438
DGUIDED
0.004183
0.004271
0.004140
0.004201
0.004279
 
size = 128
DDYNAMIC
0.014471
0.014452
0.014272
0.014558
0.014203
DSTATIC
0.016777
0.021042
0.020073
0.020736
0.019595
DGUIDED
0.014625
0.018650
0.019567
0.015456
0.018494
 
size = 256
DDYNAMIC
0.054333
0.055315
0.054496
0.054695
0.054250
DSTATIC
0.070057
0.069379
0.069721
0.064250
0.072431
DGUIDED
0.055396
0.057895
0.063364
0.058330
0.061966
 
size = 512
DDYNAMIC
0.215727
0.214721
0.216278
0.215537
0.214600
DSTATIC
0.272042
0.285964
0.288686
0.230100
0.263801
DGUIDED
0.234730
0.228049
0.243451
0.221673
0.228342
 
size = 1024
DDYNAMIC
0.852427
0.851944
0.852361
0.852539
0.852562
DSTATIC
1.100623
0.993235
0.955359
0.987461
1.078763
DGUIDED
0.927470
0.898679
0.915430
1.003612
0.937772
 
size = 2048
DDYNAMIC
3.404999
3.404808
3.404961
3.404651
3.404828
DSTATIC
4.382514
4.223572
4.360482
4.406695
4.285153
DGUIDED
3.687327
3.466273
3.558005
3.505111
3.441632
 
size = 4096
DDYNAMIC
13.611313
13.613000
13.613902
13.610071
13.608164
DSTATIC
17.612989
16.712343
16.715008
16.716311
16.831133
DGUIDED
14.373041
14.503829
14.744913
14.888921
14.509997
