 
size = 4
DDYNAMIC
0.000507
0.000503
0.000494
0.000496
0.000483
DSTATIC
0.000512
0.000461
0.000522
0.000507
0.000600
DGUIDED
0.000486
0.000460
0.000475
0.000505
0.000503
 
size = 16
DDYNAMIC
0.000714
0.000710
0.000682
0.000666
0.000689
DSTATIC
0.001282
0.001298
0.001346
0.000756
0.000793
DGUIDED
0.001251
0.001145
0.001282
0.001315
0.001310
 
size = 32
DDYNAMIC
0.001317
0.001323
0.001314
0.001301
0.001296
DSTATIC
0.002130
0.002133
0.002138
0.002872
0.003000
DGUIDED
0.001792
0.001806
0.001836
0.001833
0.001819
 
size = 64
DDYNAMIC
0.005938
0.003879
0.003920
0.003862
0.003879
DSTATIC
0.006249
0.006284
0.007466
0.006295
0.006300
DGUIDED
0.004616
0.004870
0.004929
0.004907
0.004909
 
size = 128
DDYNAMIC
0.014285
0.014490
0.014116
0.014391
0.014381
DSTATIC
0.026655
0.024282
0.024284
0.024299
0.027163
DGUIDED
0.016965
0.017003
0.016988
0.016983
0.019069
 
size = 256
DDYNAMIC
0.054707
0.054133
0.054716
0.054377
0.054695
DSTATIC
0.096753
0.095671
0.095607
0.096271
0.093987
DGUIDED
0.076498
0.065206
0.062955
0.065684
0.062966
 
size = 512
DDYNAMIC
0.214365
0.214567
0.214810
0.215329
0.214616
DSTATIC
0.374945
0.375102
0.373985
0.374109
0.374031
DGUIDED
0.254212
0.250553
0.255594
0.261234
0.261224
 
size = 1024
DDYNAMIC
0.851879
0.855070
0.851821
0.851389
0.851941
DSTATIC
1.496441
1.493791
1.494669
1.499728
1.494093
DGUIDED
1.104912
1.063720
1.214507
1.171066
1.063812
 
size = 2048
DDYNAMIC
3.403642
3.404425
3.404176
3.404104
3.403176
DSTATIC
6.006728
5.976577
5.977531
5.977563
6.055578
DGUIDED
4.536815
3.909656
4.657056
3.879975
3.903903
 
size = 4096
DDYNAMIC
13.609212
13.612481
13.648817
13.604151
13.609632
DSTATIC
24.030790
24.082630
24.255486
24.221870
24.074135
DGUIDED
17.447021
18.417461
17.573748
18.221462
16.930876
