 
size = 4
DDYNAMIC
0.000486
0.000474
0.000429
0.000419
0.000437
DSTATIC
0.000444
0.000454
0.000448
0.000453
0.000498
DGUIDED
0.000420
0.000446
0.000421
0.000435
0.000420
 
size = 16
DDYNAMIC
0.000811
0.000867
0.000811
0.000814
0.000812
DSTATIC
0.001239
0.001227
0.000888
0.001246
0.000902
DGUIDED
0.001265
0.000897
0.000899
0.000906
0.000901
 
size = 32
DDYNAMIC
0.002145
0.002334
0.002149
0.002200
0.002136
DSTATIC
0.002587
0.002753
0.002461
0.002470
0.002178
DGUIDED
0.002128
0.002137
0.002128
0.002134
0.002140
 
size = 64
DDYNAMIC
0.007364
0.007515
0.007284
0.007375
0.007353
DSTATIC
0.009998
0.009637
0.007331
0.011585
0.007667
DGUIDED
0.007265
0.007792
0.007765
0.009025
0.007768
 
size = 128
DDYNAMIC
0.027246
0.027230
0.027554
0.027597
0.028524
DSTATIC
0.028485
0.049012
0.034691
0.033029
0.028463
DGUIDED
0.028887
0.030456
0.030256
0.028030
0.032644
 
size = 256
DDYNAMIC
0.107599
0.108138
0.108292
0.107359
0.109124
DSTATIC
0.135935
0.133067
0.142364
0.113557
0.135538
DGUIDED
0.114029
0.108974
0.115572
0.109392
0.108705
 
size = 512
DDYNAMIC
0.427185
0.428060
0.427824
DSTATIC
0.543823
0.545911
0.480422
0.530056
0.452022
DGUIDED
0.545150
0.452496
0.475117
0.476288
0.472243
 
size = 1024
DDYNAMIC
1.704938
1.704032
1.704539
1.705197
1.703909
DSTATIC
1.923355
2.027993
2.036623
1.965465
1.974030
DGUIDED
1.899872
1.796493
1.899199
1.917828
1.901913
 
size = 2048
DDYNAMIC
6.812275
6.811735
6.810213
6.811869
6.811862
DSTATIC
7.914258
7.638633
7.839205
8.010517
8.118716
DGUIDED
7.167241
7.025446
7.249211
7.129611
6.988851
 
size = 4096
DDYNAMIC
27.228575
27.223352
27.216751
27.226549
27.224144
DSTATIC
32.468906
31.635946
31.903942
31.995190
31.847963
DGUIDED
28.788521
28.847515
28.785990
28.939007
28.752094
