 
size = 4
DDYNAMIC
0.000665
0.000607
0.000586
0.000640
0.000561
DSTATIC
0.000567
0.000592
0.000687
0.000618
0.000625
DGUIDED
0.000553
0.000538
0.000569
0.000544
0.000594
 
size = 16
DDYNAMIC
0.000780
0.000800
0.000761
0.000797
0.000780
DSTATIC
0.001234
0.001130
0.001023
0.000883
0.001117
DGUIDED
0.000987
0.000916
0.001226
0.001025
0.000881
 
size = 32
DDYNAMIC
0.001415
0.001440
0.001388
0.001428
0.001403
DSTATIC
0.001639
0.002185
0.002222
0.002226
0.001765
DGUIDED
0.001539
0.001525
0.001565
0.001591
0.001553
 
size = 64
DDYNAMIC
0.003950
0.003955
0.003927
0.005113
0.003964
DSTATIC
0.007022
0.005143
0.005018
0.005262
0.006413
DGUIDED
0.004201
0.004148
0.004181
0.004159
0.004164
 
size = 128
DDYNAMIC
0.014581
0.014181
0.014560
0.014175
0.014285
DSTATIC
0.024699
0.017086
0.017984
0.020173
0.016653
DGUIDED
0.015486
0.018150
0.018757
0.015540
0.016271
 
size = 256
DDYNAMIC
0.055118
0.054487
0.055100
0.055449
0.055242
DSTATIC
0.068354
0.071650
0.068901
0.059255
0.072487
DGUIDED
0.058405
0.057465
0.061001
0.058583
0.062325
 
size = 512
DDYNAMIC
0.216003
0.216253
0.215292
0.215924
0.214185
DSTATIC
0.262697
0.287495
0.287369
0.287567
0.293821
DGUIDED
0.247111
0.228803
0.222142
0.228317
0.250489
 
size = 1024
DDYNAMIC
0.852345
0.853169
0.852455
0.853472
0.852467
DSTATIC
1.106779
1.020481
1.080954
1.097525
1.024568
DGUIDED
0.977323
0.957028
0.874529
0.875892
0.922743
 
size = 2048
DDYNAMIC
3.404852
3.404456
3.405054
3.404996
3.404490
DSTATIC
4.159734
4.346564
4.010551
4.280436
4.020568
DGUIDED
3.760099
3.758822
3.599996
3.729343
3.872117
 
size = 4096
DDYNAMIC
13.606028
13.604645
13.604916
13.606513
13.607315
DSTATIC
16.255375
16.453674
16.603876
16.903160
16.515381
DGUIDED
14.709895
14.553495
14.496595
14.664789
14.641991
