 
size = 4
DDYNAMIC
0.000498
0.000476
0.000437
0.000442
0.000447

DSTATIC
0.000429
0.000431
0.000433
0.000467
0.000434

DGUIDED
0.000448
0.000467
0.000448
0.000445
0.000438
 
size = 16
DDYNAMIC
0.001303
0.001348
0.001292
0.001309
0.001325

DSTATIC
0.001247
0.001296
0.001274
0.001334
0.001283

DGUIDED
0.001277
0.001299
0.001309
0.001259
0.001298
 
size = 32
DDYNAMIC
0.003980
0.003942
0.003935
0.003962
0.003942

DSTATIC
0.003918
0.003930
0.003919
0.003922
0.003950

DGUIDED
0.003933
0.003962
0.003944
0.003969
0.003956
 
size = 64
DDYNAMIC
0.014059
0.014070
0.014104
0.014059
0.014095

DSTATIC
0.013994
0.014008
0.013990
0.013978
0.013967

DGUIDED
0.014086
0.014047
0.014062
0.014060
0.014055
 
size = 128
DDYNAMIC
0.053995
0.053999
0.054020
0.054036
0.054015

DSTATIC
0.053726
0.053720
0.053777
0.053731
0.053677

DGUIDED
0.053978
0.054005
0.054019
0.054000
0.054025
 
size = 256
DDYNAMIC
0.214002
0.214099
0.213985
0.214101
0.213905

DSTATIC
0.212994
0.214086
0.212928
0.212798
0.212907

DGUIDED
0.214052
0.213994
0.213942
0.213947
0.214111
 
size = 512
DDYNAMIC
0.853489
0.853844
0.853665
0.853337
0.853140

DSTATIC
0.849616
0.849613
0.849784
0.849749
0.850095

DGUIDED
0.853451
0.852678
0.853331
0.853216
0.854241
 
size = 1024
DDYNAMIC
3.405676
3.405323
3.405819
3.406517
3.405621

DSTATIC
3.391720
3.406541
3.394740
3.395832
3.391675

DGUIDED
3.408665
3.408969
3.409519
3.409086
3.409335
 
size = 2048
DDYNAMIC
13.626464
13.611000
13.623595
13.613166
13.610332

DSTATIC
13.558082
13.565303
13.563262
13.558289
13.561744

DGUIDED
13.607677
13.603793
13.608657
13.607657
13.600124
 
size = 4096
DDYNAMIC
54.403248
54.403774
54.364338
54.401249
54.402729

DSTATIC
54.188782
54.187138
54.182327
54.185753
54.187134

DGUIDED
54.404438
54.414761
54.410404
54.402184
54.408379
