 
size = 4
DDYNAMIC
0.001166
0.001081
0.001056
0.001131
0.001183
DSTATIC
0.001058
0.001119
0.001001
0.001019
0.000999
DGUIDED
0.001166
0.001170
0.001173
0.001080
0.001139
 
size = 16
DDYNAMIC
0.001402
0.001280
0.001341
0.001264
0.001386
DSTATIC
0.001935
0.001946
0.001222
0.001386
0.001889
DGUIDED
0.001320
0.001401
0.001420
0.001442
0.001226
 
size = 32
DDYNAMIC
0.002138
0.001919
0.001926
0.001870
0.002032
DSTATIC
0.002756
0.002655
0.002693
0.002436
0.002344
DGUIDED
0.002063
0.001892
0.001898
0.003081
0.001928
 
size = 64
DDYNAMIC
0.004822
0.005284
0.004541
0.004447
0.004503
DSTATIC
0.007483
0.007829
0.005593
0.006502
0.005927
DGUIDED
0.004463
0.004489
0.004441
0.004457
0.004456
 
size = 128
DDYNAMIC
0.014854
0.015881
0.014785
0.014881
0.014683
DSTATIC
0.020682
0.054367
0.018979
0.018627
0.018031
DGUIDED
0.016058
0.015888
0.016196
0.016063
0.016340
 
size = 256
DDYNAMIC
0.055545
0.059833
0.057231
0.055330
0.058426
DSTATIC
0.087553
0.094989
0.097136
0.100711
0.085822
DGUIDED
0.064833
0.068377
0.066836
0.069895
0.069426
 
size = 512
DDYNAMIC
0.222478
0.220327
0.222607
0.217144
0.217048
DSTATIC
0.393389
0.344898
0.357910
0.339349
0.381651
DGUIDED
0.302922
0.286628
0.270505
0.321625
0.267363
 
size = 1024
DDYNAMIC
0.861715
0.866005
0.859764
0.861669
0.859953
DSTATIC
1.351198
1.221957
1.366875
1.255956
1.435868
DGUIDED
1.087376
1.107359
1.058921
1.070222
1.184018
 
size = 2048
DDYNAMIC
3.413655
3.413711
3.419515
3.419082
3.413225
DSTATIC
5.423243
5.446849
5.417690
4.439800
5.447869
DGUIDED
4.399049
3.491428
4.366942
3.983550
4.069104
 
size = 4096
DDYNAMIC
13.618672
13.612190
13.818695
13.609589
13.614649
DSTATIC
19.388777
18.092926
17.320658
21.632326
21.647366
DGUIDED
17.574915
14.018391
14.069089
13.961794
13.937279
