 
size = 4
DDYNAMIC
0.000354
0.000326
0.000347
0.000343
0.000347
DSTATIC
0.000322
0.000321
0.000318
0.000337
0.000316
DGUIDED
0.000323
0.000325
0.000346
0.000340
0.000339
 
size = 16
DDYNAMIC
0.000710
0.000702
0.000698
0.000714
0.000737
DSTATIC
0.000914
0.000896
0.000903
0.001581
0.000898
DGUIDED
0.000898
0.000910
0.000922
0.000887
0.000937
 
size = 32
DDYNAMIC
0.002033
0.002167
0.002029
0.002029
0.002030
DSTATIC
0.002590
0.002658
0.002733
0.002588
0.002579
DGUIDED
0.002587
0.002582
0.002582
0.002584
0.002582
 
size = 64
DDYNAMIC
0.007104
0.007091
0.007090
0.007301
0.007087
DSTATIC
0.008352
0.009043
0.008353
0.008332
0.008330
DGUIDED
0.008368
0.008318
0.008352
0.008331
0.008352
 
size = 128
DDYNAMIC
0.027288
0.027713
0.027250
0.027641
0.027232
DSTATIC
0.031069
0.031164
0.031064
0.031100
0.031120
DGUIDED
0.031092
0.031080
0.031049
0.031111
0.031081
 
size = 256
DDYNAMIC
0.108102
0.107178
0.108646
0.108000
0.107654
DSTATIC
0.132117
0.128323
0.132067
0.185289
0.132048
DGUIDED
0.117758
0.117571
0.169015
0.132108
0.132165
 
size = 512
DDYNAMIC
0.427040
0.427191
0.427214
DSTATIC
0.486201
0.607005
0.572779
0.544166
0.621886
DGUIDED
0.523470
0.467398
0.463088
0.523686
0.498073
 
size = 1024
DDYNAMIC
1.704030
1.704152
1.703497
1.704309
1.704087
DSTATIC
2.396942
2.449012
2.405856
2.306433
2.382559
DGUIDED
1.920610
1.880466
1.896875
1.878848
1.908718
 
size = 2048
DDYNAMIC
6.810299
6.810193
6.810841
6.811331
6.809385
DSTATIC
8.710935
9.896596
9.115304
9.799645
9.813568
DGUIDED
7.525719
7.566105
7.513632
7.453293
8.327137
 
size = 4096
DDYNAMIC
27.229179
27.228477
27.223326
27.225973
27.225325
DSTATIC
37.186180
34.748966
37.128052
34.841053
34.907127
DGUIDED
30.163267
30.034481
30.783669
28.623859
29.887907
