 
size = 4
DDYNAMIC
0.000266
0.000244
0.000242
0.000242
0.000242
DSTATIC
0.000244
0.000231
0.000269
0.000231
0.000248
DGUIDED
0.000244
0.000243
0.000241
0.000242
0.000242
 
size = 16
DDYNAMIC
0.001099
0.001099
0.001095
0.001114
0.001103
DSTATIC
0.001088
0.001097
0.001077
0.001113
0.001089
DGUIDED
0.001077
0.001095
0.001102
0.001111
0.001089
 
size = 32
DDYNAMIC
0.003727
0.003742
0.003743
0.003740
0.003734
DSTATIC
0.003729
0.003751
0.003729
0.003747
0.003712
DGUIDED
0.003739
0.003722
0.003739
0.003738
0.003830
 
size = 64
DDYNAMIC
0.013875
0.013860
0.013846
0.013851
0.013780
DSTATIC
0.013859
0.013797
0.013859
0.013849
0.013874
DGUIDED
0.013868
0.013873
0.013863
0.013772
0.013771
 
size = 128
DDYNAMIC
0.053798
0.053850
0.053840
0.053908
0.053874
DSTATIC
0.053890
0.053809
0.053815
0.053849
0.053873
DGUIDED
0.053715
0.053813
0.053878
0.053561
0.053780
 
size = 256
DDYNAMIC
0.213886
0.213969
0.214181
0.213974
0.213912
DSTATIC
0.218929
0.214152
0.214094
0.213936
0.214405
DGUIDED
0.213935
0.213919
0.213717
0.213948
0.213654
 
size = 512
DDYNAMIC
0.852612
0.853863
0.852645
0.854204
0.851027
DSTATIC
0.854617
0.854367
0.854291
0.854598
0.854532
DGUIDED
0.852414
0.849070
0.852673
0.852559
0.853779
 
size = 1024
DDYNAMIC
3.403256
3.408385
3.409070
3.409269
3.403308
DSTATIC
3.409404
3.409992
3.410980
3.410911
3.390369
DGUIDED
3.402351
3.408703
3.408768
3.408463
3.408862
 
size = 2048
DDYNAMIC
13.547640
13.601887
13.624949
13.621325
13.622173
DSTATIC
13.632946
13.550934
13.633091
13.636637
13.632731
DGUIDED
13.942708
13.624892
13.622775
13.547886
13.600620
 
size = 4096
DDYNAMIC
54.427055
54.466370
54.506588
54.457260
54.456020
DSTATIC
54.488239
54.513020
54.488903
54.538963
54.666275
DGUIDED
54.669918
54.657497
54.602699
54.695118
54.666058
