 
size = 4
DDYNAMIC
0.000327
0.000288
0.000305
0.000287
0.000299
DSTATIC
0.000292
0.000292
0.000301
0.000293
0.000294
DGUIDED
0.000290
0.000304
0.000299
0.000294
0.000290
 
size = 16
DDYNAMIC
0.000496
0.000509
0.000518
0.000520
0.000500
DSTATIC
0.000782
0.000790
0.000801
0.000774
0.000775
DGUIDED
0.000788
0.000770
0.000786
0.000760
0.000779
 
size = 32
DDYNAMIC
0.001119
0.001136
0.003228
0.001195
0.001132
DSTATIC
0.002199
0.002230
0.002200
0.002206
0.002225
DGUIDED
0.002200
0.002227
0.002185
0.002161
0.002172
 
size = 64
DDYNAMIC
0.003684
0.003706
0.003674
0.003662
0.003667
DSTATIC
0.007013
0.006990
0.006966
0.007017
0.006971
DGUIDED
0.006948
0.006977
0.006958
0.006952
0.006988
 
size = 128
DDYNAMIC
0.013685
0.013641
0.013629
0.013644
0.013641
DSTATIC
0.026090
0.026047
0.026050
0.026017
0.026013
DGUIDED
0.026065
0.026042
0.026009
0.026053
0.026068
 
size = 256
DDYNAMIC
0.053660
0.053724
0.053681
0.053617
0.053673
DSTATIC
0.103321
0.103320
0.103290
0.103280
0.103475
DGUIDED
0.103266
0.103249
0.103276
0.103326
0.103258
 
size = 512
DDYNAMIC
0.213679
0.213630
0.213555
0.213358
0.213336
DSTATIC
0.411306
0.411173
0.411127
0.411217
0.411141
DGUIDED
0.412347
0.411011
0.411258
0.411225
0.411104
 
size = 1024
DDYNAMIC
0.851931
0.852367
0.852210
0.852204
0.852328
DSTATIC
1.641285
1.641385
1.641329
1.641377
1.634676
DGUIDED
1.641277
1.641350
1.641603
1.641428
1.641587
 
size = 2048
DDYNAMIC
3.408860
3.401344
3.404726
3.401262
3.404053
DSTATIC
6.560540
6.561862
6.562290
6.561070
6.561914
DGUIDED
6.561713
6.561918
6.561616
6.561562
6.561630
 
size = 4096
DDYNAMIC
13.617260
13.616095
13.610673
13.624034
13.615092
DSTATIC
26.237207
26.236105
26.235510
26.231550
26.232237
DGUIDED
26.231693
26.236296
26.237337
26.232706
26.234337
