 
size = 4
DDYNAMIC
0.000306
0.000286
0.000269
0.000263
0.000263
DSTATIC
0.000232
0.000223
0.000225
0.000223
0.000249
DGUIDED
0.000250
0.000238
0.000235
0.000228
0.000249
 
size = 16
DDYNAMIC
0.000652
0.000708
0.000637
0.000639
0.000649
DSTATIC
0.000733
0.000797
0.000719
0.000749
0.000748
DGUIDED
0.000717
0.000737
0.000749
0.000742
0.000713
 
size = 32
DDYNAMIC
0.001972
0.001976
0.001975
0.001991
0.001981
DSTATIC
0.002572
0.002579
0.002574
0.002569
0.002589
DGUIDED
0.002722
0.002591
0.002581
0.002626
0.002573
 
size = 64
DDYNAMIC
0.007024
0.007016
0.007021
0.007026
0.007008
DSTATIC
0.009785
0.009788
0.009818
0.009803
0.009784
DGUIDED
0.009813
0.009778
0.009843
0.009836
0.009812
 
size = 128
DDYNAMIC
0.027028
0.027039
0.027013
0.027018
0.027001
DSTATIC
0.038705
0.038584
0.038588
0.038606
0.038549
DGUIDED
0.038688
0.038683
0.038627
0.038685
0.038662
 
size = 256
DDYNAMIC
0.107038
0.107036
0.107113
0.107106
0.107061
DSTATIC
0.154162
0.154175
0.154108
0.154085
0.154101
DGUIDED
0.154155
0.154239
0.153899
0.154005
0.154230
 
size = 512
DDYNAMIC
0.425999
0.427315
0.427156
0.427073
0.427099
DSTATIC
0.616222
0.612265
0.616643
0.616759
0.615489
DGUIDED
0.616834
0.616963
0.616961
0.616770
0.616763
 
size = 1024
DDYNAMIC
1.704742
1.704734
1.703393
1.704501
1.704953
DSTATIC
2.458765
2.464451
2.463804
2.463268
2.460061
DGUIDED
2.465202
2.465100
2.465746
2.461497
2.465550
 
size = 2048
DDYNAMIC
6.790329
6.812085
6.811683
6.792016
6.813667
DSTATIC
9.858913
9.839726
9.859737
9.866752
9.789692
DGUIDED
9.861946
9.856793
9.866379
9.861939
9.866016
 
size = 4096
DDYNAMIC
27.242605
27.164610
27.213451
27.233978
27.239717
DSTATIC
39.433472
39.466080
39.401463
39.397331
39.420879
DGUIDED
39.244320
39.436890
39.395493
39.430874
39.450550
