 
size = 4
DDYNAMIC
0.002860
0.002857
0.001874
0.001768
0.001636
DSTATIC
0.001895
0.002918
0.001850
0.002931
0.001970
DGUIDED
0.001837
0.001812
0.001818
0.001825
0.001839
 
size = 16
DDYNAMIC
0.002058
0.001923
0.001997
0.002060
0.001996
DSTATIC
0.001949
0.002122
0.003313
0.002174
0.002125
DGUIDED
0.003009
0.002268
0.002063
0.002096
0.002278
 
size = 32
DDYNAMIC
0.002666
0.002552
0.003665
0.002634
0.002674
DSTATIC
0.002871
0.003910
0.004304
0.003315
0.003127
DGUIDED
0.002633
0.002560
0.002600
0.002603
0.002652
 
size = 64
DDYNAMIC
0.005205
0.005110
0.005132
0.005108
0.005102
DSTATIC
0.006379
0.006607
0.005307
0.005374
0.006639
DGUIDED
0.006164
0.005225
0.005178
0.005034
0.005190
 
size = 128
DDYNAMIC
0.015651
0.015578
0.015798
0.015372
0.015517
DSTATIC
0.017408
0.015803
0.015725
0.017450
0.015751
DGUIDED
0.016066
0.016286
0.015466
0.015918
0.015880
 
size = 256
DDYNAMIC
0.055607
0.055956
0.056775
0.057300
0.055465
DSTATIC
0.061044
0.062753
0.058020
0.056938
0.059579
DGUIDED
0.056499
0.055811
0.055397
0.057588
0.058615
 
size = 512
DDYNAMIC
0.215733
0.215551
0.226784
0.215684
0.215952
DSTATIC
0.237637
0.217859
0.224137
0.269227
0.222356
DGUIDED
0.215938
0.219150
0.220296
0.220090
0.219934
 
size = 1024
DDYNAMIC
0.853927
0.854311
0.854466
0.854411
0.855837
DSTATIC
0.872235
0.865912
0.860156
0.890483
0.888573
DGUIDED
0.862002
0.861522
0.856553
0.866133
0.865458
 
size = 2048
DDYNAMIC
3.406535
3.406508
3.407503
3.406660
3.404902
DSTATIC
3.470219
3.478698
3.499328
3.482705
3.466469
DGUIDED
3.423434
3.418238
3.458662
3.436040
3.444204
 
size = 4096
DDYNAMIC
13.607403
13.610350
13.611486
13.611570
13.608896
DSTATIC
13.852818
13.900415
13.859214
13.824601
13.783976
DGUIDED
13.688313
13.674710
13.673630
13.650828
13.775607
