 
size = 4
DDYNAMIC
0.000276
0.000260
0.000246
0.000244
0.000249
DSTATIC
0.000241
0.000223
0.000243
0.000241
0.000233
DGUIDED
0.000244
0.000250
0.000244
0.000244
0.000250
 
size = 16
DDYNAMIC
0.001099
0.001093
0.001097
0.001090
0.001100
DSTATIC
0.001084
0.001080
0.001090
0.001075
0.001094
DGUIDED
0.001089
0.001089
0.001089
0.001073
0.001088
 
size = 32
DDYNAMIC
0.003874
0.003739
0.003856
0.003737
0.003761
DSTATIC
0.003705
0.003780
0.003727
0.003739
0.003797
DGUIDED
0.003733
0.003741
0.003736
0.003825
0.003710
 
size = 64
DDYNAMIC
0.013890
0.013869
0.013869
0.013818
0.013902
DSTATIC
0.013846
0.013812
0.013869
0.013817
0.013860
DGUIDED
0.013851
0.013861
0.013857
0.013840
0.013861
 
size = 128
DDYNAMIC
0.053927
0.053912
0.053902
0.053907
0.053916
DSTATIC
0.053916
0.053906
0.053847
0.053864
0.053854
DGUIDED
0.053929
0.053919
0.053947
0.053838
0.053780
 
size = 256
DDYNAMIC
0.213802
0.214183
0.214252
0.214147
0.214155
DSTATIC
0.214128
0.214104
0.213820
0.214127
0.214061
DGUIDED
0.214261
0.214229
0.214171
0.214165
0.214244
 
size = 512
DDYNAMIC
0.854975
0.854453
0.854671
0.855001
0.855073
DSTATIC
0.854603
0.852916
0.852438
0.854463
0.853228
DGUIDED
0.854884
0.854788
0.854808
0.853979
0.854864
 
size = 1024
DDYNAMIC
3.368309
3.411196
3.412266
3.411834
3.405833
DSTATIC
3.389497
3.410835
3.411085
3.410247
3.411862
DGUIDED
3.410380
3.408606
3.392447
3.389248
3.412282
 
size = 2048
DDYNAMIC
13.554543
13.614305
13.635594
13.628895
13.634516
DSTATIC
13.547886
13.646302
13.630116
13.628581
13.630531
DGUIDED
13.634374
13.638174
13.633019
13.618154
13.637340
 
size = 4096
DDYNAMIC
54.238625
54.509693
54.427032
54.541466
54.502243
DSTATIC
54.457291
54.517765
54.438843
54.530930
54.529480
DGUIDED
54.534657
54.177586
54.432388
55.741264
54.534176
