 
size = 4
DDYNAMIC
0.000780
0.000648
0.000712
0.000728
0.000749
DSTATIC
0.000828
0.000787
0.000845
0.000828
0.000784
DGUIDED
0.000758
0.000722
0.000766
0.000740
0.000749
 
size = 16
DDYNAMIC
0.000900
0.000954
0.001146
0.000859
0.000906
DSTATIC
0.001203
0.001110
0.001476
0.001153
0.001168
DGUIDED
0.001125
0.001310
0.001247
0.001281
0.003379
 
size = 32
DDYNAMIC
0.001576
0.001555
0.001560
0.001565
0.001558
DSTATIC
0.003531
0.003141
0.002308
0.002020
0.002343
DGUIDED
0.001729
0.001722
0.001701
0.001700
0.002707
 
size = 64
DDYNAMIC
0.004079
0.004124
0.004232
0.004172
0.004056
DSTATIC
0.006740
0.005849
0.006582
0.005370
0.005981
DGUIDED
0.004329
0.004281
0.004300
0.004305
0.004355
 
size = 128
DDYNAMIC
0.014394
0.014271
0.014363
0.014484
0.014694
DSTATIC
0.017410
0.018711
0.018622
0.022425
0.015396
DGUIDED
0.015658
0.015828
0.015578
0.015127
0.017136
 
size = 256
DDYNAMIC
0.056908
0.054498
0.055683
0.054926
0.054845
DSTATIC
0.067607
0.063903
0.071138
0.069310
0.067227
DGUIDED
0.063409
0.065256
0.061114
0.056211
0.058472
 
size = 512
DDYNAMIC
0.215080
0.216025
0.214587
0.215756
0.215838
DSTATIC
0.265670
0.273822
0.299537
0.288519
0.263883
DGUIDED
0.257688
0.227304
0.246169
0.251319
0.225812
 
size = 1024
DDYNAMIC
0.852654
0.852312
0.852331
0.851994
0.852567
DSTATIC
1.049242
1.021359
1.082204
1.124568
1.035978
DGUIDED
0.959993
0.899056
0.951253
0.952649
0.928365
 
size = 2048
DDYNAMIC
3.403716
3.403761
3.404054
3.404045
3.402494
DSTATIC
3.663915
4.127533
4.035874
4.410700
4.198723
DGUIDED
3.505960
3.679409
3.597077
3.569319
3.657268
 
size = 4096
DDYNAMIC
13.609726
13.605488
13.607806
13.625898
13.608373
DSTATIC
16.896498
16.717916
16.461285
16.738262
16.654139
DGUIDED
13.964367
14.506369
14.578889
14.729385
14.479084
