 
size = 4
DDYNAMIC
0.000323
0.000295
0.000296
0.000308
0.000321
DSTATIC
0.000322
0.000313
0.000322
0.000347
0.000322
DGUIDED
0.000325
0.000337
0.000329
0.000314
0.000313
 
size = 16
DDYNAMIC
0.000524
0.000527
0.000517
0.000502
0.000508
DSTATIC
0.000780
0.000755
0.000800
0.000765
0.000788
DGUIDED
0.000789
0.000792
0.000785
0.000849
0.000784
 
size = 32
DDYNAMIC
0.001113
0.001106
0.001119
0.001132
0.001115
DSTATIC
0.002178
0.002170
0.002157
0.002196
0.002182
DGUIDED
0.002196
0.002193
0.002200
0.002188
0.002178
 
size = 64
DDYNAMIC
0.003658
0.003739
0.003658
0.003657
0.003654
DSTATIC
0.006972
0.006992
0.006978
0.006954
0.006982
DGUIDED
0.006987
0.006964
0.006989
0.006960
0.006988
 
size = 128
DDYNAMIC
0.013650
0.013645
0.013636
0.013698
0.013641
DSTATIC
0.026049
0.026033
0.026011
0.026056
0.026062
DGUIDED
0.026057
0.026039
0.026081
0.026063
0.026024
 
size = 256
DDYNAMIC
0.053685
0.053691
0.053675
0.053684
0.053670
DSTATIC
0.103347
0.103284
0.103345
0.103332
0.103273
DGUIDED
0.103379
0.103316
0.103334
0.103291
0.103338
 
size = 512
DDYNAMIC
0.213627
0.213610
0.213635
0.213620
0.213619
DSTATIC
0.411266
0.411096
0.411270
0.411141
0.411175
DGUIDED
0.411210
0.411125
0.411146
0.411116
0.411128
 
size = 1024
DDYNAMIC
0.852217
0.851788
0.852193
0.852295
0.851956
DSTATIC
1.641268
1.641681
1.641762
1.641293
1.641233
DGUIDED
1.641328
1.641094
1.641094
1.641301
1.641325
 
size = 2048
DDYNAMIC
3.405447
3.400791
3.401383
3.405232
3.405675
DSTATIC
6.560916
6.560941
6.561435
6.561646
6.561385
DGUIDED
6.562345
6.561115
6.561554
6.561282
6.561592
 
size = 4096
DDYNAMIC
13.616077
13.617442
13.616139
13.613672
13.612748
DSTATIC
26.231359
26.231045
26.230497
26.233051
26.231270
DGUIDED
26.234228
26.234818
26.231953
26.231003
26.230913
