 
size = 4
DDYNAMIC
0.000476
0.000453
0.000455
0.000463
0.000425
DSTATIC
0.000467
0.000408
0.000427
0.000434
0.000456
DGUIDED
0.000388
0.000392
0.000388
0.000413
0.000402
 
size = 16
DDYNAMIC
0.000630
0.000624
0.000622
0.000625
0.000622
DSTATIC
0.000738
0.000963
0.000885
0.000719
0.000692
DGUIDED
0.000829
0.000762
0.000763
0.000718
0.000739
 
size = 32
DDYNAMIC
0.001258
0.001270
0.001260
0.001246
0.001235
DSTATIC
0.001776
0.001770
0.001961
0.001787
0.003514
DGUIDED
0.001783
0.001772
0.001762
0.001773
0.001770
 
size = 64
DDYNAMIC
0.003777
0.004842
0.003809
0.003777
0.003780
DSTATIC
0.006263
0.006214
0.006238
0.006235
0.006258
DGUIDED
0.004845
0.004851
0.004858
0.004862
0.004847
 
size = 128
DDYNAMIC
0.014291
0.014156
0.014524
0.014077
0.014128
DSTATIC
0.023642
0.023663
0.023691
0.023686
0.023678
DGUIDED
0.017333
0.017022
0.016989
0.016963
0.016994
 
size = 256
DDYNAMIC
0.055263
0.055013
0.055526
0.054750
0.054710
DSTATIC
0.094294
0.094045
0.095918
0.094029
0.094203
DGUIDED
0.064719
0.063773
0.070008
0.063025
0.065626
 
size = 512
DDYNAMIC
0.214198
0.214378
0.215359
0.215305
0.214381
DSTATIC
0.375539
0.375029
0.375458
0.375109
0.379652
DGUIDED
0.251491
0.251753
0.246375
0.288333
0.271678
 
size = 1024
DDYNAMIC
0.852241
0.852868
0.852798
0.852702
0.852306
DSTATIC
1.499577
1.508963
1.499333
1.509665
1.506668
DGUIDED
0.978605
1.105533
1.090596
1.104843
1.002094
 
size = 2048
DDYNAMIC
3.407405
3.407942
3.407919
3.408718
3.408622
DSTATIC
5.999185
5.998955
5.998309
6.066719
6.088694
DGUIDED
4.307310
4.320448
4.336000
4.562137
4.218599
 
size = 4096
DDYNAMIC
13.632081
13.662468
13.630585
13.629870
13.622911
DSTATIC
24.111605
24.098419
24.272789
24.071815
24.109943
DGUIDED
17.906601
16.848583
18.211887
17.036150
19.026659
