 
size = 4
DDYNAMIC
Using 4 threads
5
0.000373
0.000344
0.000336
0.000334
0.000339

DSTATIC
0.000322
0.000319
0.000327
0.000324
0.000320

DGUIDED
0.000332
0.000337
0.000331
0.000330
0.000335
 
size = 16
DDYNAMIC
30
0.001215
0.001185
0.001185
0.001201
0.001640

DSTATIC
0.001164
0.001168
0.001160
0.001158
0.001158

DGUIDED
0.001165
0.001179
0.001154
0.001159
0.001175
 
size = 32
DDYNAMIC
107
0.003846
0.003833
0.003881
0.003826
0.003832

DSTATIC
0.003813
0.003794
0.003802
0.003821
0.003808

DGUIDED
0.003832
0.003835
0.003835
0.003829
0.003832
 
size = 64
DDYNAMIC
399
0.013989
0.013941
0.013936
0.013937
0.013924

DSTATIC
0.013869
0.013856
0.013857
0.013841
0.013881

DGUIDED
0.013944
0.013985
0.013925
0.013937
0.013943
 
size = 128
DDYNAMIC
1561
0.053902
0.053905
0.053907
0.053896
0.053891

DSTATIC
0.053565
0.053593
0.053538
0.053569
0.053607

DGUIDED
0.053896
0.053908
0.053913
0.053908
0.053888
 
size = 256
DDYNAMIC
0.213898
0.213889
0.213925
0.213959
0.213880

DSTATIC
0.213090
0.212677
0.212665
0.212680
0.213254

DGUIDED
0.213798
0.213971
0.213973
0.213908
0.213918
 
size = 512
DDYNAMIC
0.853436
0.853602
0.852293
0.853413
0.853396

DSTATIC
0.848537
0.848548
0.848683
0.848266
0.848856

DGUIDED
0.853062
0.853082
0.853526
0.853807
0.853700
 
size = 1024
DDYNAMIC
3.406086
3.404852
3.406974
3.406876
3.404846

DSTATIC
3.386691
3.385757
3.408217
3.385496
3.388117

DGUIDED
3.398775
3.406749
3.404879
3.398313
3.444974
 
size = 2048
DDYNAMIC
13.596745
13.611082
13.615852
13.612890
13.614902

DSTATIC
13.538422
13.540477
13.540159
13.538089
13.547785

DGUIDED
13.613845
13.617691
13.579755
13.581795
13.607436
 
size = 4096
DDYNAMIC
54.417866
54.428596
54.427582
54.428059
54.435658

DSTATIC
54.167942
54.139736
54.137119
54.140430
54.229031

DGUIDED
54.437233
54.283466
54.430412
54.435749
54.450470
