 
size = 4
DDYNAMIC
0.003139
0.003076
0.003833
0.004159
0.003875
DSTATIC
0.000276
0.000283
0.004122
0.003502
0.003925
DGUIDED
0.004011
0.000280
0.002964
0.000288
0.004055
 
size = 16
DDYNAMIC
0.003244
0.003178
0.000509
0.000515
0.003191
DSTATIC
0.003145
0.000753
0.000772
0.003225
0.003349
DGUIDED
0.003330
0.001659
0.000770
0.000774
0.000752
 
size = 32
DDYNAMIC
0.004157
0.001138
0.004131
0.004103
0.001101
DSTATIC
0.002157
0.004861
0.004007
0.004012
0.002190
DGUIDED
0.002187
0.002193
0.003971
0.005093
0.004043
 
size = 64
DDYNAMIC
0.003646
0.003643
0.006710
0.007399
0.003644
DSTATIC
0.008881
0.008895
0.009784
0.009863
0.009002
DGUIDED
0.008784
0.009854
0.008786
0.009656
0.009723
 
size = 128
DDYNAMIC
0.021201
0.021284
0.021541
0.021525
0.021834
DSTATIC
0.027869
0.027730
0.028071
0.027874
0.027904
DGUIDED
0.030906
0.030842
0.027858
0.030305
0.027875
 
size = 256
DDYNAMIC
0.053797
0.074432
0.076094
0.053690
0.053673
DSTATIC
0.103275
0.105289
0.105356
0.105253
0.115910
DGUIDED
0.105158
0.105058
0.103352
0.103501
0.103411
 
size = 512
DDYNAMIC
0.214005
0.214549
0.213805
0.213886
0.213624
DSTATIC
0.411232
0.410999
0.411082
0.411223
0.412984
DGUIDED
0.411131
0.411092
0.411188
0.411078
0.412033
 
size = 1024
DDYNAMIC
1.138795
0.852044
0.850825
1.138878
1.138202
DSTATIC
2.167743
2.153826
2.152191
2.164332
2.179099
DGUIDED
1.790433
1.665670
1.643988
1.643075
1.642645
 
size = 2048
DDYNAMIC
3.424121
4.542881
3.404672
3.400265
3.402802
DSTATIC
8.614257
8.665629
8.616518
8.714820
8.613494
DGUIDED
7.142609
7.152965
7.143006
6.563571
6.562743
 
size = 4096
DDYNAMIC
18.153500
18.159164
18.158556
18.118126
18.157499
DSTATIC
34.490108
34.549686
34.587879
34.481339
34.881741
DGUIDED
26.242649
28.534010
26.229589
26.224100
28.566221
