 
size = 4
DDYNAMIC
0.000305
0.000261
0.000269
0.000269
0.000275
DSTATIC
0.000231
0.000250
0.000234
0.000233
0.000229
DGUIDED
0.000248
0.000238
0.000243
0.000237
0.000251
 
size = 16
DDYNAMIC
0.000665
0.000646
0.000661
0.000664
0.000673
DSTATIC
0.000745
0.000755
0.000759
0.000747
0.000727
DGUIDED
0.000819
0.000756
0.000753
0.000864
0.000746
 
size = 32
DDYNAMIC
0.001970
0.001976
0.002000
0.001980
0.001971
DSTATIC
0.002606
0.002580
0.002603
0.002643
0.002587
DGUIDED
0.002582
0.002593
0.002666
0.002604
0.002586
 
size = 64
DDYNAMIC
0.007069
0.007008
0.007065
0.007049
0.007035
DSTATIC
0.009878
0.009826
0.009823
0.009836
0.009820
DGUIDED
0.009824
0.009813
0.009873
0.009867
0.009866
 
size = 128
DDYNAMIC
0.027019
0.026950
0.027014
0.026987
0.026969
DSTATIC
0.038654
0.038677
0.038589
0.038595
0.038601
DGUIDED
0.038642
0.038644
0.038657
0.038689
0.038678
 
size = 256
DDYNAMIC
0.107115
0.107103
0.107135
0.107124
0.107822
DSTATIC
0.153988
0.154064
0.153059
0.154116
0.154136
DGUIDED
0.154314
0.154196
0.154017
0.154273
0.153936
 
size = 512
DDYNAMIC
0.427124
0.427046
0.427122
0.427152
0.427147
DSTATIC
0.616853
0.612382
0.616632
0.616715
0.616607
DGUIDED
0.617052
0.613793
0.613652
0.616014
0.616852
 
size = 1024
DDYNAMIC
1.704748
1.704424
1.704465
1.704251
1.704206
DSTATIC
2.466427
2.446627
2.465032
2.466705
2.465079
DGUIDED
2.464743
2.465727
2.465066
2.466674
2.461778
 
size = 2048
DDYNAMIC
6.812031
6.811644
6.814246
6.807299
6.793619
DSTATIC
9.861077
9.868259
9.841850
9.870719
9.859149
DGUIDED
9.862494
9.821651
9.862597
9.862782
9.864017
 
size = 4096
DDYNAMIC
27.237083
27.168869
27.155735
27.217125
27.237804
DSTATIC
39.458988
39.385960
39.469666
39.492439
39.469284
DGUIDED
39.450943
39.458832
39.462234
39.461903
39.459064
