 
size = 4
DDYNAMIC
0.000534
0.000514
0.000452
0.000469
0.000434
DSTATIC
0.000510
0.000571
0.000471
0.000553
0.000590
DGUIDED
0.000489
0.000468
0.000481
0.000473
0.000479
 
size = 16
DDYNAMIC
0.000673
0.000678
0.000673
0.000659
0.000670
DSTATIC
0.000792
0.000833
0.000916
0.000777
0.000895
DGUIDED
0.000778
0.000889
0.000926
0.000870
0.000877
 
size = 32
DDYNAMIC
0.001326
0.003506
0.001345
0.001284
0.001286
DSTATIC
0.002348
0.002393
0.001849
0.001839
0.002145
DGUIDED
0.001980
0.001818
0.001795
0.001829
0.001814
 
size = 64
DDYNAMIC
0.003850
0.003818
0.003857
0.003876
0.003853
DSTATIC
0.006359
0.007397
0.007435
0.007137
0.007281
DGUIDED
0.004619
0.004929
0.004941
0.004889
0.004635
 
size = 128
DDYNAMIC
0.013932
0.014318
0.014138
0.014384
0.014464
DSTATIC
0.023690
0.023623
0.024812
0.026952
0.024407
DGUIDED
0.016969
0.017016
0.017010
0.016971
0.016987
 
size = 256
DDYNAMIC
0.054848
0.054445
0.055867
0.054160
0.054563
DSTATIC
0.094030
0.095206
0.094015
0.095605
0.094235
DGUIDED
0.065684
0.063185
0.063696
0.065580
0.065152
 
size = 512
DDYNAMIC
0.214977
0.214130
0.214142
0.214960
0.215383
DSTATIC
0.386419
0.377117
0.385668
0.374988
0.374101
DGUIDED
0.250542
0.256553
0.262304
0.298349
0.250557
 
size = 1024
DDYNAMIC
0.851337
0.851980
0.851855
0.851738
0.851759
DSTATIC
1.527228
1.494509
1.494247
1.500046
1.506988
DGUIDED
1.314509
1.064148
1.063648
1.137383
1.083675
 
size = 2048
DDYNAMIC
3.403428
3.403878
3.403710
3.404077
3.403948
DSTATIC
6.040533
6.043388
5.978249
5.977361
6.019732
DGUIDED
4.831320
3.901621
3.901047
4.602153
3.908992
 
size = 4096
DDYNAMIC
13.601286
13.609130
13.609629
13.607830
13.601517
DSTATIC
24.030447
24.068394
24.120134
24.104273
24.098217
DGUIDED
17.761213
17.237228
18.062998
17.639215
17.952459
