 
size = 4
DDYNAMIC
0.000296
0.000269
0.000288
0.000276
0.000267
DSTATIC
0.000230
0.000217
0.000250
0.000224
0.000231
DGUIDED
0.000242
0.000235
0.000241
0.000240
0.000227
 
size = 16
DDYNAMIC
0.000639
0.000639
0.000658
0.000650
0.000658
DSTATIC
0.000747
0.000719
0.000736
0.000753
0.000717
DGUIDED
0.000729
0.000732
0.000741
0.000747
0.000722
 
size = 32
DDYNAMIC
0.001974
0.001975
0.002018
0.001964
0.001976
DSTATIC
0.002579
0.002566
0.002573
0.002588
0.002644
DGUIDED
0.002579
0.002583
0.002573
0.002592
0.002583
 
size = 64
DDYNAMIC
0.007006
0.007018
0.007025
0.007044
0.007046
DSTATIC
0.009833
0.009840
0.009832
0.009814
0.009825
DGUIDED
0.009851
0.009836
0.009865
0.009818
0.009807
 
size = 128
DDYNAMIC
0.027034
0.027131
0.027019
0.027016
0.027019
DSTATIC
0.038655
0.038368
0.038595
0.038624
0.038300
DGUIDED
0.038634
0.038670
0.038472
0.038503
0.038678
 
size = 256
DDYNAMIC
0.107077
0.107030
0.107016
0.107083
0.106813
DSTATIC
0.154118
0.153007
0.153083
0.154131
0.154049
DGUIDED
0.154118
0.154209
0.154055
0.153957
0.154266
 
size = 512
DDYNAMIC
0.426772
0.427212
0.427023
0.425823
0.426118
DSTATIC
0.617424
0.615714
0.616333
0.616478
0.612297
DGUIDED
0.615907
0.616822
0.615927
0.615702
0.616941
 
size = 1024
DDYNAMIC
1.703090
1.699760
1.704327
1.704707
1.704556
DSTATIC
2.463664
2.445801
2.459052
2.466912
2.463596
DGUIDED
2.465386
2.452912
2.465803
2.450202
2.461528
 
size = 2048
DDYNAMIC
6.811164
6.811145
6.811193
6.811974
6.812268
DSTATIC
9.855615
9.803926
9.837420
9.868285
9.856882
DGUIDED
9.842942
9.853614
9.861967
9.854883
9.861517
 
size = 4096
DDYNAMIC
27.166138
27.214909
27.226994
27.229998
27.235231
DSTATIC
39.443810
39.462029
39.450562
39.195251
39.458931
DGUIDED
39.446312
39.458435
39.348751
39.460102
39.441902
