 
size = 4
DDYNAMIC
0.001800
0.001747
0.001786
0.001764
0.001749
DSTATIC
0.001648
0.001619
0.001622
0.001714
0.002736
DGUIDED
0.001731
0.001743
0.001742
0.001736
0.001665
 
size = 16
DDYNAMIC
0.002589
0.002570
0.002570
0.002570
0.002559
DSTATIC
0.002516
0.002510
0.002500
0.003540
0.002532
DGUIDED
0.002528
0.003598
0.002636
0.002571
0.002470
 
size = 32
DDYNAMIC
0.005209
0.006245
0.006291
0.005287
0.005198
DSTATIC
0.005130
0.005155
0.005192
0.005104
0.005137
DGUIDED
0.005185
0.005215
0.006190
0.005213
0.005181
 
size = 64
DDYNAMIC
0.015415
0.015415
0.015351
0.015399
0.015420
DSTATIC
0.015188
0.016280
0.015350
0.015259
0.015246
DGUIDED
0.015414
0.015412
0.015431
0.015403
0.015396
 
size = 128
DDYNAMIC
0.056454
0.055450
0.055372
0.055338
0.056372
DSTATIC
0.055177
0.055048
0.054872
0.054907
0.054965
DGUIDED
0.055328
0.055308
0.055362
0.055343
0.055366
 
size = 256
DDYNAMIC
0.215515
0.215348
0.218294
0.215396
0.215375
DSTATIC
0.214413
0.214135
0.213885
0.213945
0.213898
DGUIDED
0.215741
0.215618
0.215361
0.215370
0.215168
 
size = 512
DDYNAMIC
0.855033
0.854851
0.855079
0.855908
0.854893
DSTATIC
0.849964
0.850981
0.850016
0.852379
0.850279
DGUIDED
0.855283
0.854865
0.854963
0.854962
0.855000
 
size = 1024
DDYNAMIC
3.408683
3.411271
3.408929
3.408819
3.412108
DSTATIC
3.388105
3.388501
3.392811
3.389022
3.388364
DGUIDED
3.411211
3.408507
3.407872
3.410844
3.409699
 
size = 2048
DDYNAMIC
13.626285
13.621038
13.621265
13.628778
13.623612
DSTATIC
13.541106
13.548657
13.541901
13.543329
13.545277
DGUIDED
13.622285
13.622990
13.624783
13.621361
13.624275
 
size = 4096
DDYNAMIC
54.456539
54.451862
54.451366
54.448288
54.456429
DSTATIC
54.214149
54.271675
54.195507
54.180824
54.186573
DGUIDED
54.453026
54.446449
54.441238
54.449219
54.444359
