 
size = 4
DDYNAMIC
0.001293
0.001288
0.001205
0.001168
0.003413
DSTATIC
0.001364
0.001224
0.001364
0.001342
0.001315
DGUIDED
0.001190
0.001189
0.001387
0.001300
0.001217
 
size = 16
DDYNAMIC
0.001511
0.003779
0.001554
0.001493
0.001491
DSTATIC
0.001733
0.001734
0.001507
0.003527
0.001966
DGUIDED
0.003513
0.001611
0.001854
0.001439
0.001827
 
size = 32
DDYNAMIC
0.002178
0.002028
0.002383
0.002097
0.002173
DSTATIC
0.002437
0.002882
0.002639
0.002550
0.002476
DGUIDED
0.002118
0.002147
0.004208
0.002195
0.002130
 
size = 64
DDYNAMIC
0.004698
0.004657
0.004637
0.004850
0.004605
DSTATIC
0.006951
0.005058
0.005645
0.005751
0.005815
DGUIDED
0.004575
0.004768
0.004577
0.004677
0.004637
 
size = 128
DDYNAMIC
0.015108
0.014927
0.015112
0.015116
0.015101
DSTATIC
0.020437
0.017661
0.016981
0.017367
0.016536
DGUIDED
0.015870
0.018472
0.015867
0.015127
0.015817
 
size = 256
DDYNAMIC
0.055312
0.054996
0.057587
0.057416
0.055079
DSTATIC
0.060860
0.059522
0.058191
0.057706
0.057891
DGUIDED
0.056159
0.057629
0.058269
0.058266
0.057766
 
size = 512
DDYNAMIC
0.215110
0.215760
0.215995
0.215864
0.215321
DSTATIC
0.237490
0.239545
0.231931
0.239207
0.234796
DGUIDED
0.221885
0.220710
0.220188
0.220521
0.219220
 
size = 1024
DDYNAMIC
0.853038
0.852869
0.853675
0.853182
0.854083
DSTATIC
0.902180
0.879222
0.894684
0.862216
0.875066
DGUIDED
0.871950
0.872299
0.904686
0.870768
0.874858
 
size = 2048
DDYNAMIC
3.405499
3.405381
3.405383
3.404703
3.405207
DSTATIC
3.596330
3.649251
3.556503
3.683682
3.586471
DGUIDED
3.463004
3.539441
3.513373
3.527443
3.539002
 
size = 4096
DDYNAMIC
13.608536
13.608861
13.608725
13.609921
13.608602
DSTATIC
14.381150
14.521195
14.292003
14.341521
14.273711
DGUIDED
14.027373
14.012364
13.876025
14.003375
13.925793
