 
size = 4
DDYNAMIC
0.000750
0.000658
0.000655
0.000693
0.000692
DSTATIC
0.000716
0.000722
0.000709
0.000718
0.000721
DGUIDED
0.000730
0.001823
0.000727
0.000724
0.000682
 
size = 16
DDYNAMIC
0.001147
0.001085
0.001031
0.001074
0.001129
DSTATIC
0.001170
0.001177
0.001156
0.001172
0.001163
DGUIDED
0.001219
0.001148
0.001148
0.001027
0.001004
 
size = 32
DDYNAMIC
0.002370
0.002337
0.002375
0.002385
0.002407
DSTATIC
0.002939
0.002475
0.003504
0.003635
0.002356
DGUIDED
0.002343
0.002473
0.002381
0.002382
0.002387
 
size = 64
DDYNAMIC
0.007646
0.007610
0.007793
0.007647
0.007736
DSTATIC
0.008370
0.008374
0.007643
0.008387
0.008650
DGUIDED
0.007543
0.007643
0.007609
0.007567
0.007597
 
size = 128
DDYNAMIC
0.028084
0.027702
0.027500
0.027625
0.027602
DSTATIC
0.029177
0.029666
0.027370
0.030083
0.029154
DGUIDED
0.028521
0.028136
0.028056
0.028240
0.027887
 
size = 256
DDYNAMIC
0.107651
0.108224
0.108475
0.107942
0.116285
DSTATIC
0.112723
0.107413
0.107741
0.118636
0.107293
DGUIDED
0.116398
0.109195
0.108748
0.108958
0.111201
 
size = 512
DDYNAMIC
0.427793
0.428087
0.430347
0.428453
0.428226
DSTATIC
0.514345
0.425739
0.449355
0.447502
0.427576
DGUIDED
0.432791
0.430177
0.429697
0.428944
0.432466
 
size = 1024
DDYNAMIC
1.708718
1.708087
1.706405
1.705983
1.707205
DSTATIC
1.706041
1.769066
1.721479
1.718884
1.794060
DGUIDED
1.713568
1.717972
1.707316
1.709278
1.705645
 
size = 2048
DDYNAMIC
6.810332
6.811408
6.813459
6.810967
6.819025
DSTATIC
7.248109
7.162272
7.183382
6.817344
6.806730
DGUIDED
6.874589
7.004145
7.001816
7.002313
6.981096
 
size = 4096
DDYNAMIC
27.244856
27.251451
27.244560
27.246761
27.226488
DSTATIC
28.600874
28.607798
27.236780
28.020411
28.883228
DGUIDED
27.910042
27.261770
27.914217
27.890285
28.664885
