U 
size = 4
DDYNAMIC
0.000679
0.000634
0.000633
0.000631
0.000628
DSTATIC
0.000590
0.001700
0.000634
0.000609
0.000611
DGUIDED
0.000618
0.000624
0.000611
0.000616
0.000613
 
size = 16
DDYNAMIC
0.001516
0.001468
0.001470
0.001513
0.001464
DSTATIC
0.001443
0.001436
0.001480
0.001439
0.001457
DGUIDED
0.001489
0.001501
0.001453
0.001451
0.001483
 
size = 32
DDYNAMIC
0.004142
0.004112
0.004109
0.004124
0.004105
DSTATIC
0.004074
0.004100
0.004061
0.004097
0.004062
DGUIDED
0.004122
0.004102
0.004140
0.004135
0.004127
 
size = 64
DDYNAMIC
0.014246
0.014251
0.014244
0.014239
0.014233
DSTATIC
0.014155
0.014131
0.014134
0.014146
0.014115
DGUIDED
0.014247
0.014225
0.014231
0.014229
0.014236
 
size = 128
DDYNAMIC
0.054208
0.054202
0.054205
0.054275
0.054180
DSTATIC
0.053865
0.053875
0.053850
0.053987
0.053867
DGUIDED
0.054193
0.054183
0.054187
0.054187
0.055105
 
size = 256
DDYNAMIC
0.214166
0.214139
0.214154
0.214296
0.214106
DSTATIC
0.213084
0.213067
0.213181
0.213138
0.213136
DGUIDED
0.214122
0.214236
0.214122
0.214194
0.214118
 
size = 512
DDYNAMIC
0.853458
0.853369
0.853367
0.853179
0.853292
DSTATIC
0.849471
0.849266
0.849571
0.849334
0.849447
DGUIDED
0.853082
0.853203
0.853067
0.853108
0.853331
 
size = 1024
DDYNAMIC
3.404929
3.404853
3.404676
3.405135
3.403183
DSTATIC
3.391022
3.390914
3.391500
3.391129
3.391054
DGUIDED
3.404689
3.404257
3.404039
3.404227
3.405151
 
size = 2048
DDYNAMIC
13.608977
13.607643
13.605948
13.607046
13.605153
DSTATIC
13.552383
13.553336
13.551827
13.548968
13.553493
DGUIDED
13.605724
13.606571
13.605709
13.605904
13.605584
 
size = 4096
DDYNAMIC
54.403973
54.400658
54.401276
54.400188
54.397938
DSTATIC
54.185032
54.183105
54.184162
54.187656
54.186260
DGUIDED
54.390163
54.395737
54.389668
54.390644
54.391441
