 
size = 4
DDYNAMIC
0.000482
0.000443
0.000450
0.000449
0.000457
DSTATIC
0.000510
0.000476
0.000462
0.000500
0.000527
DGUIDED
0.000420
0.000405
0.000401
0.000400
0.000416
 
size = 16
DDYNAMIC
0.000624
0.000614
0.000633
0.000694
0.000602
DSTATIC
0.000744
0.000956
0.000965
0.000904
0.000924
DGUIDED
0.000791
0.000908
0.000782
0.000890
0.000871
 
size = 32
DDYNAMIC
0.001218
0.001254
0.001250
0.001253
0.001269
DSTATIC
0.002323
0.001768
0.002983
0.001778
0.003014
DGUIDED
0.002035
0.001757
0.001652
0.001640
0.001770
 
size = 64
DDYNAMIC
0.003781
0.003748
0.003765
0.003752
0.003764
DSTATIC
0.006263
0.009737
0.006258
0.006254
0.006203
DGUIDED
0.004857
0.004545
0.004895
0.004830
0.004918
 
size = 128
DDYNAMIC
0.014326
0.014395
0.014398
0.014357
0.013871
DSTATIC
0.023626
0.028930
0.023616
0.023673
0.023602
DGUIDED
0.017164
0.016570
0.016150
0.016926
0.016809
 
size = 256
DDYNAMIC
0.054293
0.054639
0.054816
0.054702
0.054814
DSTATIC
0.093955
0.094554
0.101324
0.093870
0.097631
DGUIDED
0.065055
0.063560
0.064967
0.076848
0.062982
 
size = 512
DDYNAMIC
0.213861
0.215323
0.214329
0.214042
0.214420
DSTATIC
0.381903
0.374169
0.374124
0.374134
0.374348
DGUIDED
0.261195
0.261215
0.261368
0.310222
0.304812
 
size = 1024
DDYNAMIC
0.851534
0.852061
0.852032
0.852849
0.851532
DSTATIC
1.494668
1.494826
1.496169
1.494702
1.498114
DGUIDED
1.064258
1.080048
1.169128
1.063851
1.063823
 
size = 2048
DDYNAMIC
3.402369
3.405550
3.404087
3.403718
3.404844
DSTATIC
5.977617
5.977691
5.978206
5.979582
6.053147
DGUIDED
4.353505
4.407973
4.394460
4.209329
4.591624
 
size = 4096
DDYNAMIC
13.613989
13.614928
13.611853
13.613114
13.611948
DSTATIC
24.064526
24.009743
24.207335
24.056961
24.110456
DGUIDED
17.392870
17.483467
17.710661
17.945528
18.361845
