 
size = 4
0.000182
0.000182
0.000181
0.000176
0.000177
 
size = 16
0.001096
0.001105
0.001095
0.001095
0.001089
 
size = 32
0.003705
0.003732
0.003719
0.003717
0.003714
 
size = 64
0.013748
0.013377
0.013768
0.013777
0.013768
 
size = 128
0.053542
0.053491
0.053546
0.054287
0.053554
 
size = 256
0.206657
0.212641
0.212625
0.212694
0.212623
 
size = 512
0.848889
0.849049
0.849332
0.848851
0.848797
 
size = 1024
3.389805
3.389830
3.389986
3.388641
3.389296
 
size = 2048
13.551338
13.551706
13.542497
13.155478
13.543124
 
size = 4096
54.163227
54.157230
54.205170
54.183056
52.613869
