 
size = 4
0.000153
0.000219
0.000154
0.000146
0.000147
 
size = 16
0.000658
0.000654
0.000648
0.000759
0.000669
 
size = 32
0.002431
0.002572
0.002514
0.002603
0.002592
 
size = 64
0.009739
0.009759
0.009699
0.009753
0.009681
 
size = 128
0.053805
0.038314
0.038397
0.038332
0.038391
 
size = 256
0.153246
0.153188
0.153191
0.153152
0.148735
 
size = 512
0.612762
0.612697
0.612820
0.613015
0.612904
 
size = 1024
2.450529
2.449321
2.449984
2.449814
2.449142
 
size = 2048
9.522231
9.799645
9.517910
9.799816
9.940605
 
size = 4096
39.202408
38.086876
39.252411
39.273956
38.095390
