 
size = 4
RC
0.000322
0.000292
0.000314
0.003008
0.000288
 
size = 16
RC
0.003225
0.003512
0.000652
0.000691
0.003459
 
size = 32
RC
0.001409
0.004538
0.005972
0.005065
0.004616
 
size = 64
RC
0.010186
0.010178
0.010445
0.009729
0.009689
 
size = 128
RC
0.025668
0.024974
0.025505
0.024880
0.016379
 
size = 256
RC
0.082676
0.082757
0.088918
0.083225
0.088381
 
size = 512
RC
0.337889
0.328942
0.343812
0.237345
0.328600
 
size = 1024
RC
1.281243
1.278850
1.274657
1.188415
0.876576
 
size = 2048
RC
5.234538
3.617907
3.619415
4.234813
5.232794
 
size = 4096
RC
20.962297
21.265064
21.004267
20.932020
20.777218
