 
size = 4
RC
0.000305
0.000294
0.000283
0.000282
0.000275
 
size = 16
RC
0.000858
0.000858
0.000857
0.000873
0.000848
 
size = 32
RC
0.002490
0.002501
0.002498
0.002498
0.002480
 
size = 64
RC
0.008005
0.007993
0.008020
0.008008
0.007999
 
size = 128
RC
0.032252
0.032087
0.032072
0.056732
0.032091
 
size = 256
RC
0.112087
0.112091
0.112284
0.112124
0.216894
 
size = 512
RC
0.435503
0.435561
0.435695
0.435597
0.435580
 
size = 1024
RC
1.720546
1.711951
1.710969
1.721818
1.722606
 
size = 2048
RC
6.999441
7.002767
6.993672
6.993651
7.000176
 
size = 4096
RC
27.353168
27.357370
27.347616
27.332922
27.313164
