 
size = 4
DRC
0.000260
0.000252
0.000243
0.000243
0.000243
 
size = 16
DRC
0.001129
0.001097
0.001100
0.001102
0.001096
 
size = 32
DRC
0.003762
0.003746
0.003752
0.003753
0.003750
 
size = 64
DRC
0.013850
0.013844
0.013835
0.013851
0.013857
 
size = 128
DRC
0.053816
0.053532
0.053836
0.053842
0.053824
 
size = 256
DRC
0.213849
0.213921
0.212504
0.213830
0.213769
 
size = 512
DRC
0.853472
0.853862
0.853495
0.853572
0.853346
 
size = 1024
DRC
3.406432
3.407029
3.406838
3.408620
3.406002
 
size = 2048
DRC
13.542462
13.617548
13.624833
13.636030
13.621920
 
size = 4096
DRC
54.466827
54.465080
54.456947
54.451981
54.406898
