 
size = 4
0.000317
0.000821
0.001358
0.005403
0.001507
 
size = 16
0.002077
0.001798
0.001830
0.001778
0.001838
 
size = 32
0.003887
0.003909
0.004461
0.003687
0.004934
 
size = 64
0.007972
0.012274
0.012663
0.008027
0.009008
 
size = 128
0.044966
0.035667
0.044944
0.033198
0.048439
 
size = 256
0.192681
0.136310
0.162656
0.136162
0.141562
 
size = 512
0.544574
0.769112
0.528869
0.544966
0.643556
 
size = 1024
2.178933
2.179138
2.179175
2.175275
2.615688
 
size = 2048
8.675959
12.273451
12.272869
8.714871
12.274696
 
size = 4096
49.028847
49.452389
49.059593
49.072166
43.718647
